#
# There is insufficient memory for the Java Runtime Environment to continue.
# Native memory allocation (malloc) failed to allocate 407216 bytes for Chunk::new
# Possible reasons:
#   The system is out of physical RAM or swap space
#   The process is running with CompressedOops enabled, and the Java Heap may be blocking the growth of the native heap
# Possible solutions:
#   Reduce memory load on the system
#   Increase physical memory or swap space
#   Check if swap backing store is full
#   Decrease Java heap size (-Xmx/-Xms)
#   Decrease number of Java threads
#   Decrease Java thread stack sizes (-Xss)
#   Set larger code cache with -XX:ReservedCodeCacheSize=
#   JVM is running with Unscaled Compressed Oops mode in which the Java heap is
#     placed in the first 4GB address space. The Java Heap base address is the
#     maximum limit for the native heap growth. Please use -XX:HeapBaseMinAddress
#     to set the Java Heap base and to place the Java Heap above 4GB virtual address.
# This output file may be truncated or incomplete.
#
#  Out of Memory Error (./src/hotspot/share/memory/arena.cpp:197), pid=13720, tid=27480
#
# JRE version: OpenJDK Runtime Environment AdoptOpenJDK-11.0.11+9 (11.0.11+9) (build 11.0.11+9)
# Java VM: OpenJDK 64-Bit Server VM AdoptOpenJDK-11.0.11+9 (11.0.11+9, mixed mode, tiered, compressed oops, g1 gc, windows-amd64)
# No core dump will be written. Minidumps are not enabled by default on client versions of Windows
#

---------------  S U M M A R Y ------------

Command Line: --add-opens=java.base/java.util=ALL-UNNAMED --add-opens=java.base/java.lang=ALL-UNNAMED --add-opens=java.base/java.lang.invoke=ALL-UNNAMED --add-opens=java.prefs/java.util.prefs=ALL-UNNAMED -Xmx1536M -Dfile.encoding=windows-1252 -Duser.country=US -Duser.language=en -Duser.variant org.gradle.launcher.daemon.bootstrap.GradleDaemon 5.6.2

Host: AMD Ryzen 5 1600 Six-Core Processor            , 12 cores, 15G,  Windows 10 , 64 bit Build 19041 (10.0.19041.1202)
Time: Fri Oct 15 04:54:53 2021 SE Asia Standard Time elapsed time: 8.632079 seconds (0d 0h 0m 8s)

---------------  T H R E A D  ---------------

Current thread (0x0000017d00f5a800):  JavaThread "C2 CompilerThread2" daemon [_thread_in_native, id=27480, stack(0x0000000708f00000,0x0000000709000000)]


Current CompileTask:
C2:   8632 7575   !   4       java.util.concurrent.ConcurrentHashMap::putVal (432 bytes)

Stack: [0x0000000708f00000,0x0000000709000000]
Native frames: (J=compiled Java code, j=interpreted, Vv=VM code, C=native code)
V  [jvm.dll+0x5f7e5a]
V  [jvm.dll+0x77ff2e]
V  [jvm.dll+0x7815ff]
V  [jvm.dll+0x781cc3]
V  [jvm.dll+0x247408]
V  [jvm.dll+0xbe69c]
V  [jvm.dll+0xbed9c]
V  [jvm.dll+0x34cb47]
V  [jvm.dll+0x1990e9]
V  [jvm.dll+0x200e92]
V  [jvm.dll+0x1fff6f]
V  [jvm.dll+0x184f1c]
V  [jvm.dll+0x20f3e7]
V  [jvm.dll+0x20d5cb]
V  [jvm.dll+0x7442f9]
V  [jvm.dll+0x73d364]
V  [jvm.dll+0x5f6cd6]
C  [ucrtbase.dll+0x21bb2]
C  [KERNEL32.DLL+0x17034]
C  [ntdll.dll+0x52651]


---------------  P R O C E S S  ---------------

Threads class SMR info:
_java_thread_list=0x0000017d04e0a840, length=56, elements={
0x0000017d5c292800, 0x0000017d7cc73800, 0x0000017d7cca4000, 0x0000017d7ccf6800,
0x0000017d7ccf9000, 0x0000017d7ccfc000, 0x0000017d7ccff000, 0x0000017d7cd04800,
0x0000017d7cd05800, 0x0000017d7ce83800, 0x0000017d7f38e800, 0x0000017d7cf18800,
0x0000017d7ec34000, 0x0000017d7e559000, 0x0000017d7f0cc000, 0x0000017d7edd3000,
0x0000017d7d84e000, 0x0000017d7e809000, 0x0000017d7e87c000, 0x0000017d7eef5800,
0x0000017d7eef6800, 0x0000017d7eef3000, 0x0000017d7eef0800, 0x0000017d7f0ae800,
0x0000017d7eef1800, 0x0000017d7eef4000, 0x0000017d7eef5000, 0x0000017d01fd8800,
0x0000017d01fdb000, 0x0000017d01fda800, 0x0000017d01fdc000, 0x0000017d01fdd000,
0x0000017d01fd8000, 0x0000017d01fd9800, 0x0000017d01fd7000, 0x0000017d01fe2800,
0x0000017d01fe1000, 0x0000017d01fe0000, 0x0000017d01fe3800, 0x0000017d01fde800,
0x0000017d01fdf800, 0x0000017d01fdd800, 0x0000017d00f5a800, 0x0000017d01fe4000,
0x0000017d01fe5000, 0x0000017d01fe6000, 0x0000017d03d17800, 0x0000017d03d1c000,
0x0000017d03d1b800, 0x0000017d03d1d000, 0x0000017d03d1e000, 0x0000017d03d18000,
0x0000017d03d19000, 0x0000017d03d1a800, 0x0000017d03d19800, 0x0000017d0538b000
}

Java Threads: ( => current thread )
  0x0000017d5c292800 JavaThread "main" [_thread_blocked, id=16932, stack(0x0000000705200000,0x0000000705300000)]
  0x0000017d7cc73800 JavaThread "Reference Handler" daemon [_thread_blocked, id=26640, stack(0x0000000705900000,0x0000000705a00000)]
  0x0000017d7cca4000 JavaThread "Finalizer" daemon [_thread_blocked, id=26644, stack(0x0000000705a00000,0x0000000705b00000)]
  0x0000017d7ccf6800 JavaThread "Signal Dispatcher" daemon [_thread_blocked, id=26648, stack(0x0000000705b00000,0x0000000705c00000)]
  0x0000017d7ccf9000 JavaThread "Attach Listener" daemon [_thread_blocked, id=26652, stack(0x0000000705c00000,0x0000000705d00000)]
  0x0000017d7ccfc000 JavaThread "Service Thread" daemon [_thread_blocked, id=26656, stack(0x0000000705d00000,0x0000000705e00000)]
  0x0000017d7ccff000 JavaThread "C2 CompilerThread0" daemon [_thread_in_native, id=26660, stack(0x0000000705e00000,0x0000000705f00000)]
  0x0000017d7cd04800 JavaThread "C1 CompilerThread0" daemon [_thread_blocked, id=26664, stack(0x0000000705f00000,0x0000000706000000)]
  0x0000017d7cd05800 JavaThread "Sweeper thread" daemon [_thread_blocked, id=26668, stack(0x0000000706000000,0x0000000706100000)]
  0x0000017d7ce83800 JavaThread "Common-Cleaner" daemon [_thread_blocked, id=26672, stack(0x0000000706100000,0x0000000706200000)]
  0x0000017d7f38e800 JavaThread "Daemon health stats" [_thread_blocked, id=26724, stack(0x0000000706a00000,0x0000000706b00000)]
  0x0000017d7cf18800 JavaThread "Incoming local TCP Connector on port 62808" [_thread_in_native, id=26780, stack(0x0000000706300000,0x0000000706400000)]
  0x0000017d7ec34000 JavaThread "Daemon periodic checks" [_thread_blocked, id=26784, stack(0x0000000706900000,0x0000000706a00000)]
  0x0000017d7e559000 JavaThread "Daemon" [_thread_blocked, id=26792, stack(0x0000000706b00000,0x0000000706c00000)]
  0x0000017d7f0cc000 JavaThread "Handler for socket connection from /127.0.0.1:62808 to /127.0.0.1:62809" [_thread_in_native, id=26796, stack(0x0000000706c00000,0x0000000706d00000)]
  0x0000017d7edd3000 JavaThread "Cancel handler" [_thread_blocked, id=26808, stack(0x0000000706d00000,0x0000000706e00000)]
  0x0000017d7d84e000 JavaThread "Daemon worker" [_thread_blocked, id=26812, stack(0x0000000706e00000,0x0000000706f00000)]
  0x0000017d7e809000 JavaThread "Asynchronous log dispatcher for DefaultDaemonConnection: socket connection from /127.0.0.1:62808 to /127.0.0.1:62809" [_thread_blocked, id=26832, stack(0x0000000706f00000,0x0000000707000000)]
  0x0000017d7e87c000 JavaThread "Stdin handler" [_thread_blocked, id=26836, stack(0x0000000707000000,0x0000000707100000)]
  0x0000017d7eef5800 JavaThread "Thread-8" [_thread_blocked, id=26840, stack(0x0000000707100000,0x0000000707200000)]
  0x0000017d7eef6800 JavaThread "Cache worker for file hash cache (C:\Users\codekita\.gradle\caches\5.6.2\fileHashes)" [_thread_blocked, id=26896, stack(0x0000000707200000,0x0000000707300000)]
  0x0000017d7eef3000 JavaThread "File lock request listener" [_thread_in_native, id=26900, stack(0x0000000707300000,0x0000000707400000)]
  0x0000017d7eef0800 JavaThread "Cache worker for journal cache (C:\Users\codekita\.gradle\caches\journal-1)" [_thread_blocked, id=26908, stack(0x0000000707400000,0x0000000707500000)]
  0x0000017d7f0ae800 JavaThread "C2 CompilerThread1" daemon [_thread_in_native, id=26912, stack(0x0000000707500000,0x0000000707600000)]
  0x0000017d7eef1800 JavaThread "Cache worker for file hash cache (D:\Projects\flutter\uas_muhammad_fadillah\android\.gradle\5.6.2\fileHashes)" [_thread_blocked, id=26940, stack(0x0000000707c00000,0x0000000707d00000)]
  0x0000017d7eef4000 JavaThread "Cache worker for cache directory md-supplier (C:\Users\codekita\.gradle\caches\5.6.2\md-supplier)" [_thread_blocked, id=27108, stack(0x0000000707e00000,0x0000000707f00000)]
  0x0000017d7eef5000 JavaThread "Cache worker for cache directory md-rule (C:\Users\codekita\.gradle\caches\5.6.2\md-rule)" [_thread_blocked, id=27128, stack(0x0000000707f00000,0x0000000708000000)]
  0x0000017d01fd8800 JavaThread "Cache worker for execution history cache (C:\Users\codekita\.gradle\caches\5.6.2\executionHistory)" [_thread_blocked, id=27192, stack(0x0000000708000000,0x0000000708100000)]
  0x0000017d01fdb000 JavaThread "Build operations" [_thread_blocked, id=27420, stack(0x0000000708100000,0x0000000708200000)]
  0x0000017d01fda800 JavaThread "Build operations Thread 2" [_thread_blocked, id=27424, stack(0x0000000708200000,0x0000000708300000)]
  0x0000017d01fdc000 JavaThread "Build operations Thread 3" [_thread_in_native, id=27428, stack(0x0000000708300000,0x0000000708400000)]
  0x0000017d01fdd000 JavaThread "Build operations Thread 4" [_thread_blocked, id=27432, stack(0x0000000708400000,0x0000000708500000)]
  0x0000017d01fd8000 JavaThread "Build operations Thread 5" [_thread_blocked, id=27436, stack(0x0000000708500000,0x0000000708600000)]
  0x0000017d01fd9800 JavaThread "Build operations Thread 6" [_thread_blocked, id=27440, stack(0x0000000708600000,0x0000000708700000)]
  0x0000017d01fd7000 JavaThread "Build operations Thread 7" [_thread_blocked, id=27444, stack(0x0000000708700000,0x0000000708800000)]
  0x0000017d01fe2800 JavaThread "Build operations Thread 8" [_thread_blocked, id=27448, stack(0x0000000708800000,0x0000000708900000)]
  0x0000017d01fe1000 JavaThread "Build operations Thread 9" [_thread_blocked, id=27452, stack(0x0000000708900000,0x0000000708a00000)]
  0x0000017d01fe0000 JavaThread "Build operations Thread 10" [_thread_blocked, id=27456, stack(0x0000000708a00000,0x0000000708b00000)]
  0x0000017d01fe3800 JavaThread "Build operations Thread 11" [_thread_blocked, id=27460, stack(0x0000000708b00000,0x0000000708c00000)]
  0x0000017d01fde800 JavaThread "Build operations Thread 12" [_thread_blocked, id=27464, stack(0x0000000708c00000,0x0000000708d00000)]
  0x0000017d01fdf800 JavaThread "pool-1-thread-1" [_thread_blocked, id=27472, stack(0x0000000708e00000,0x0000000708f00000)]
  0x0000017d01fdd800 JavaThread "Cache worker for Build Output Cleanup Cache (D:\Projects\flutter\uas_muhammad_fadillah\android\.gradle\buildOutputCleanup)" [_thread_blocked, id=27476, stack(0x0000000707d00000,0x0000000707e00000)]
=>0x0000017d00f5a800 JavaThread "C2 CompilerThread2" daemon [_thread_in_native, id=27480, stack(0x0000000708f00000,0x0000000709000000)]
  0x0000017d01fe4000 JavaThread "Memory manager" [_thread_blocked, id=27244, stack(0x0000000709000000,0x0000000709100000)]
  0x0000017d01fe5000 JavaThread "Execution worker for ':'" [_thread_blocked, id=26252, stack(0x0000000709100000,0x0000000709200000)]
  0x0000017d01fe6000 JavaThread "Execution worker for ':' Thread 2" [_thread_blocked, id=26688, stack(0x0000000709200000,0x0000000709300000)]
  0x0000017d03d17800 JavaThread "Execution worker for ':' Thread 3" [_thread_blocked, id=27484, stack(0x0000000709300000,0x0000000709400000)]
  0x0000017d03d1c000 JavaThread "Execution worker for ':' Thread 4" [_thread_blocked, id=26828, stack(0x0000000709400000,0x0000000709500000)]
  0x0000017d03d1b800 JavaThread "Execution worker for ':' Thread 5" [_thread_blocked, id=26508, stack(0x0000000709500000,0x0000000709600000)]
  0x0000017d03d1d000 JavaThread "Execution worker for ':' Thread 6" [_thread_in_native, id=24188, stack(0x0000000709600000,0x0000000709700000)]
  0x0000017d03d1e000 JavaThread "Execution worker for ':' Thread 7" [_thread_blocked, id=27492, stack(0x0000000709700000,0x0000000709800000)]
  0x0000017d03d18000 JavaThread "Execution worker for ':' Thread 8" [_thread_blocked, id=27496, stack(0x0000000709800000,0x0000000709900000)]
  0x0000017d03d19000 JavaThread "Execution worker for ':' Thread 9" [_thread_blocked, id=27488, stack(0x0000000709900000,0x0000000709a00000)]
  0x0000017d03d1a800 JavaThread "Execution worker for ':' Thread 10" [_thread_blocked, id=27500, stack(0x0000000709a00000,0x0000000709b00000)]
  0x0000017d03d19800 JavaThread "Execution worker for ':' Thread 11" [_thread_blocked, id=12204, stack(0x0000000709b00000,0x0000000709c00000)]
  0x0000017d0538b000 JavaThread "Cache worker for execution history cache (D:\Projects\flutter\uas_muhammad_fadillah\android\.gradle\5.6.2\executionHistory)" [_thread_blocked, id=26080, stack(0x0000000709c00000,0x0000000709d00000)]

Other Threads:
  0x0000017d7cc72000 VMThread "VM Thread" [stack: 0x0000000705800000,0x0000000705900000] [id=26636]
  0x0000017d7ce8c800 WatcherThread [stack: 0x0000000706200000,0x0000000706300000] [id=26676]
  0x0000017d5c2ac000 GCTaskThread "GC Thread#0" [stack: 0x0000000705300000,0x0000000705400000] [id=24104]
  0x0000017d7d9ff000 GCTaskThread "GC Thread#1" [stack: 0x0000000706400000,0x0000000706500000] [id=26696]
  0x0000017d7d93d800 GCTaskThread "GC Thread#2" [stack: 0x0000000706500000,0x0000000706600000] [id=26700]
  0x0000017d7d8c4000 GCTaskThread "GC Thread#3" [stack: 0x0000000706600000,0x0000000706700000] [id=26704]
  0x0000017d7d8c4800 GCTaskThread "GC Thread#4" [stack: 0x0000000706700000,0x0000000706800000] [id=26708]
  0x0000017d7dc7a000 GCTaskThread "GC Thread#5" [stack: 0x0000000706800000,0x0000000706900000] [id=26712]
  0x0000017d7f325800 GCTaskThread "GC Thread#6" [stack: 0x0000000707600000,0x0000000707700000] [id=26916]
  0x0000017d7faf7800 GCTaskThread "GC Thread#7" [stack: 0x0000000707700000,0x0000000707800000] [id=26920]
  0x0000017d7ec91000 GCTaskThread "GC Thread#8" [stack: 0x0000000707800000,0x0000000707900000] [id=26924]
  0x0000017d7f039800 GCTaskThread "GC Thread#9" [stack: 0x0000000707900000,0x0000000707a00000] [id=26928]
  0x0000017d5c2d2800 ConcurrentGCThread "G1 Main Marker" [stack: 0x0000000705400000,0x0000000705500000] [id=2032]
  0x0000017d5c2d3800 ConcurrentGCThread "G1 Conc#0" [stack: 0x0000000705500000,0x0000000705600000] [id=25948]
  0x0000017d7ddd2000 ConcurrentGCThread "G1 Conc#1" [stack: 0x0000000707a00000,0x0000000707b00000] [id=26932]
  0x0000017d7ddc7800 ConcurrentGCThread "G1 Conc#2" [stack: 0x0000000707b00000,0x0000000707c00000] [id=26936]
  0x0000017d7c2d4800 ConcurrentGCThread "G1 Refine#0" [stack: 0x0000000705600000,0x0000000705700000] [id=26628]
  0x0000017d04428000 ConcurrentGCThread "G1 Refine#1" [stack: 0x0000000708d00000,0x0000000708e00000] [id=27468]
  0x0000017d7c2d5000 ConcurrentGCThread "G1 Young RemSet Sampling" [stack: 0x0000000705700000,0x0000000705800000] [id=26632]

Threads with active compile tasks:
C2 CompilerThread0   8656 7556       4       java.lang.reflect.Constructor::newInstance (76 bytes)
C2 CompilerThread1   8656 7197 %     4       org.gradle.internal.instantiation.AbstractClassGenerator::inspectType @ 77 (559 bytes)
C2 CompilerThread2   8656 7575   !   4       java.util.concurrent.ConcurrentHashMap::putVal (432 bytes)

VM state:not at safepoint (normal execution)

VM Mutex/Monitor currently owned by a thread: None

Heap address: 0x00000000a0000000, size: 1536 MB, Compressed Oops mode: 32-bit
Narrow klass base: 0x0000000000000000, Narrow klass shift: 3
Compressed class space size: 1073741824 Address: 0x0000000100000000

Heap:
 garbage-first heap   total 262144K, used 123459K [0x00000000a0000000, 0x0000000100000000)
  region size 1024K, 69 young (70656K), 12 survivors (12288K)
 Metaspace       used 70646K, capacity 72563K, committed 72824K, reserved 1112064K
  class space    used 9103K, capacity 9754K, committed 9856K, reserved 1048576K
Heap Regions: E=young(eden), S=young(survivor), O=old, HS=humongous(starts), HC=humongous(continues), CS=collection set, F=free, A=archive, TAMS=top-at-mark-start (previous, next)
|   0|0x00000000a0000000, 0x00000000a0100000, 0x00000000a0100000|100%| O|  |TAMS 0x00000000a0100000, 0x00000000a0000000| Untracked 
|   1|0x00000000a0100000, 0x00000000a0200000, 0x00000000a0200000|100%| O|  |TAMS 0x00000000a0200000, 0x00000000a0100000| Untracked 
|   2|0x00000000a0200000, 0x00000000a0300000, 0x00000000a0300000|100%| O|  |TAMS 0x00000000a0300000, 0x00000000a0200000| Untracked 
|   3|0x00000000a0300000, 0x00000000a0400000, 0x00000000a0400000|100%|HS|  |TAMS 0x00000000a0400000, 0x00000000a0300000| Complete 
|   4|0x00000000a0400000, 0x00000000a0500000, 0x00000000a0500000|100%|HC|  |TAMS 0x00000000a0500000, 0x00000000a0400000| Complete 
|   5|0x00000000a0500000, 0x00000000a0600000, 0x00000000a0600000|100%|HC|  |TAMS 0x00000000a0600000, 0x00000000a0500000| Complete 
|   6|0x00000000a0600000, 0x00000000a0700000, 0x00000000a0700000|100%| O|  |TAMS 0x00000000a0700000, 0x00000000a0600000| Untracked 
|   7|0x00000000a0700000, 0x00000000a0800000, 0x00000000a0800000|100%| O|  |TAMS 0x00000000a0800000, 0x00000000a0700000| Untracked 
|   8|0x00000000a0800000, 0x00000000a0900000, 0x00000000a0900000|100%| O|  |TAMS 0x00000000a0900000, 0x00000000a0800000| Untracked 
|   9|0x00000000a0900000, 0x00000000a0a00000, 0x00000000a0a00000|100%| O|  |TAMS 0x00000000a0a00000, 0x00000000a0900000| Untracked 
|  10|0x00000000a0a00000, 0x00000000a0b00000, 0x00000000a0b00000|100%| O|  |TAMS 0x00000000a0b00000, 0x00000000a0a00000| Untracked 
|  11|0x00000000a0b00000, 0x00000000a0c00000, 0x00000000a0c00000|100%| O|  |TAMS 0x00000000a0c00000, 0x00000000a0b00000| Untracked 
|  12|0x00000000a0c00000, 0x00000000a0d00000, 0x00000000a0d00000|100%| O|  |TAMS 0x00000000a0d00000, 0x00000000a0c00000| Untracked 
|  13|0x00000000a0d00000, 0x00000000a0e00000, 0x00000000a0e00000|100%| O|  |TAMS 0x00000000a0e00000, 0x00000000a0d00000| Untracked 
|  14|0x00000000a0e00000, 0x00000000a0f00000, 0x00000000a0f00000|100%| O|  |TAMS 0x00000000a0f00000, 0x00000000a0e00000| Untracked 
|  15|0x00000000a0f00000, 0x00000000a1000000, 0x00000000a1000000|100%| O|  |TAMS 0x00000000a1000000, 0x00000000a0f00000| Untracked 
|  16|0x00000000a1000000, 0x00000000a1100000, 0x00000000a1100000|100%|HS|  |TAMS 0x00000000a1100000, 0x00000000a1000000| Complete 
|  17|0x00000000a1100000, 0x00000000a1200000, 0x00000000a1200000|100%|HC|  |TAMS 0x00000000a1200000, 0x00000000a1100000| Complete 
|  18|0x00000000a1200000, 0x00000000a1300000, 0x00000000a1300000|100%|HC|  |TAMS 0x00000000a1300000, 0x00000000a1200000| Complete 
|  19|0x00000000a1300000, 0x00000000a1400000, 0x00000000a1400000|100%|HS|  |TAMS 0x00000000a1400000, 0x00000000a1300000| Complete 
|  20|0x00000000a1400000, 0x00000000a1500000, 0x00000000a1500000|100%|HC|  |TAMS 0x00000000a1500000, 0x00000000a1400000| Complete 
|  21|0x00000000a1500000, 0x00000000a1600000, 0x00000000a1600000|100%| O|  |TAMS 0x00000000a1600000, 0x00000000a1500000| Untracked 
|  22|0x00000000a1600000, 0x00000000a1700000, 0x00000000a1700000|100%| O|  |TAMS 0x00000000a1700000, 0x00000000a1600000| Untracked 
|  23|0x00000000a1700000, 0x00000000a1800000, 0x00000000a1800000|100%|HS|  |TAMS 0x00000000a1800000, 0x00000000a1700000| Complete 
|  24|0x00000000a1800000, 0x00000000a1900000, 0x00000000a1900000|100%| O|  |TAMS 0x00000000a1900000, 0x00000000a1800000| Untracked 
|  25|0x00000000a1900000, 0x00000000a1a00000, 0x00000000a1a00000|100%| O|  |TAMS 0x00000000a1a00000, 0x00000000a1900000| Untracked 
|  26|0x00000000a1a00000, 0x00000000a1b00000, 0x00000000a1b00000|100%| O|  |TAMS 0x00000000a1b00000, 0x00000000a1a00000| Untracked 
|  27|0x00000000a1b00000, 0x00000000a1c00000, 0x00000000a1c00000|100%| O|  |TAMS 0x00000000a1c00000, 0x00000000a1b00000| Untracked 
|  28|0x00000000a1c00000, 0x00000000a1d00000, 0x00000000a1d00000|100%| O|  |TAMS 0x00000000a1d00000, 0x00000000a1c00000| Untracked 
|  29|0x00000000a1d00000, 0x00000000a1e00000, 0x00000000a1e00000|100%| O|  |TAMS 0x00000000a1e00000, 0x00000000a1d00000| Untracked 
|  30|0x00000000a1e00000, 0x00000000a1f00000, 0x00000000a1f00000|100%| O|  |TAMS 0x00000000a1f00000, 0x00000000a1e00000| Untracked 
|  31|0x00000000a1f00000, 0x00000000a2000000, 0x00000000a2000000|100%| O|  |TAMS 0x00000000a2000000, 0x00000000a1f00000| Untracked 
|  32|0x00000000a2000000, 0x00000000a2100000, 0x00000000a2100000|100%| O|  |TAMS 0x00000000a2100000, 0x00000000a2000000| Untracked 
|  33|0x00000000a2100000, 0x00000000a2200000, 0x00000000a2200000|100%| O|  |TAMS 0x00000000a2200000, 0x00000000a2100000| Untracked 
|  34|0x00000000a2200000, 0x00000000a2300000, 0x00000000a2300000|100%| O|  |TAMS 0x00000000a2300000, 0x00000000a2200000| Untracked 
|  35|0x00000000a2300000, 0x00000000a2400000, 0x00000000a2400000|100%| O|  |TAMS 0x00000000a23c7c00, 0x00000000a2300000| Untracked 
|  36|0x00000000a2400000, 0x00000000a2500000, 0x00000000a2500000|100%|HS|  |TAMS 0x00000000a2400000, 0x00000000a2400000| Complete 
|  37|0x00000000a2500000, 0x00000000a2600000, 0x00000000a2600000|100%|HC|  |TAMS 0x00000000a2500000, 0x00000000a2500000| Complete 
|  38|0x00000000a2600000, 0x00000000a2700000, 0x00000000a2700000|100%|HC|  |TAMS 0x00000000a2600000, 0x00000000a2600000| Complete 
|  39|0x00000000a2700000, 0x00000000a2800000, 0x00000000a2800000|100%| O|  |TAMS 0x00000000a2700000, 0x00000000a2700000| Untracked 
|  40|0x00000000a2800000, 0x00000000a2900000, 0x00000000a2900000|100%| O|  |TAMS 0x00000000a2800000, 0x00000000a2800000| Untracked 
|  41|0x00000000a2900000, 0x00000000a2a00000, 0x00000000a2a00000|100%| O|  |TAMS 0x00000000a2900000, 0x00000000a2900000| Untracked 
|  42|0x00000000a2a00000, 0x00000000a2b00000, 0x00000000a2b00000|100%| O|  |TAMS 0x00000000a2a00000, 0x00000000a2a00000| Untracked 
|  43|0x00000000a2b00000, 0x00000000a2c00000, 0x00000000a2c00000|100%| O|  |TAMS 0x00000000a2b00000, 0x00000000a2b00000| Untracked 
|  44|0x00000000a2c00000, 0x00000000a2d00000, 0x00000000a2d00000|100%| O|  |TAMS 0x00000000a2c00000, 0x00000000a2c00000| Untracked 
|  45|0x00000000a2d00000, 0x00000000a2e00000, 0x00000000a2e00000|100%| O|  |TAMS 0x00000000a2d00000, 0x00000000a2d00000| Untracked 
|  46|0x00000000a2e00000, 0x00000000a2f00000, 0x00000000a2f00000|100%| O|  |TAMS 0x00000000a2e00000, 0x00000000a2e00000| Untracked 
|  47|0x00000000a2f00000, 0x00000000a3000000, 0x00000000a3000000|100%| O|  |TAMS 0x00000000a2f00000, 0x00000000a2f00000| Untracked 
|  48|0x00000000a3000000, 0x00000000a3100000, 0x00000000a3100000|100%| O|  |TAMS 0x00000000a3000000, 0x00000000a3000000| Untracked 
|  49|0x00000000a3100000, 0x00000000a3200000, 0x00000000a3200000|100%| O|  |TAMS 0x00000000a3100000, 0x00000000a3100000| Untracked 
|  50|0x00000000a3200000, 0x00000000a3300000, 0x00000000a3300000|100%| O|  |TAMS 0x00000000a3200000, 0x00000000a3200000| Untracked 
|  51|0x00000000a3300000, 0x00000000a3400000, 0x00000000a3400000|100%| O|  |TAMS 0x00000000a3300000, 0x00000000a3300000| Untracked 
|  52|0x00000000a3400000, 0x00000000a3500000, 0x00000000a3500000|100%| O|  |TAMS 0x00000000a3400000, 0x00000000a3400000| Untracked 
|  53|0x00000000a3500000, 0x00000000a3600000, 0x00000000a3600000|100%| O|  |TAMS 0x00000000a3500000, 0x00000000a3500000| Untracked 
|  54|0x00000000a3600000, 0x00000000a3614c00, 0x00000000a3700000|  8%| O|  |TAMS 0x00000000a3600000, 0x00000000a3600000| Untracked 
|  55|0x00000000a3700000, 0x00000000a3700000, 0x00000000a3800000|  0%| F|  |TAMS 0x00000000a3700000, 0x00000000a3700000| Untracked 
|  56|0x00000000a3800000, 0x00000000a3800000, 0x00000000a3900000|  0%| F|  |TAMS 0x00000000a3800000, 0x00000000a3800000| Untracked 
|  57|0x00000000a3900000, 0x00000000a3900000, 0x00000000a3a00000|  0%| F|  |TAMS 0x00000000a3900000, 0x00000000a3900000| Untracked 
|  58|0x00000000a3a00000, 0x00000000a3a00000, 0x00000000a3b00000|  0%| F|  |TAMS 0x00000000a3a00000, 0x00000000a3a00000| Untracked 
|  59|0x00000000a3b00000, 0x00000000a3b00000, 0x00000000a3c00000|  0%| F|  |TAMS 0x00000000a3b00000, 0x00000000a3b00000| Untracked 
|  60|0x00000000a3c00000, 0x00000000a3c00000, 0x00000000a3d00000|  0%| F|  |TAMS 0x00000000a3c00000, 0x00000000a3c00000| Untracked 
|  61|0x00000000a3d00000, 0x00000000a3d00000, 0x00000000a3e00000|  0%| F|  |TAMS 0x00000000a3d00000, 0x00000000a3d00000| Untracked 
|  62|0x00000000a3e00000, 0x00000000a3e00000, 0x00000000a3f00000|  0%| F|  |TAMS 0x00000000a3e00000, 0x00000000a3e00000| Untracked 
|  63|0x00000000a3f00000, 0x00000000a3f00000, 0x00000000a4000000|  0%| F|  |TAMS 0x00000000a3f00000, 0x00000000a3f00000| Untracked 
|  64|0x00000000a4000000, 0x00000000a4000000, 0x00000000a4100000|  0%| F|  |TAMS 0x00000000a4000000, 0x00000000a4000000| Untracked 
|  65|0x00000000a4100000, 0x00000000a4100000, 0x00000000a4200000|  0%| F|  |TAMS 0x00000000a4100000, 0x00000000a4100000| Untracked 
|  66|0x00000000a4200000, 0x00000000a4200000, 0x00000000a4300000|  0%| F|  |TAMS 0x00000000a4200000, 0x00000000a4200000| Untracked 
|  67|0x00000000a4300000, 0x00000000a4300000, 0x00000000a4400000|  0%| F|  |TAMS 0x00000000a4300000, 0x00000000a4300000| Untracked 
|  68|0x00000000a4400000, 0x00000000a4400000, 0x00000000a4500000|  0%| F|  |TAMS 0x00000000a4400000, 0x00000000a4400000| Untracked 
|  69|0x00000000a4500000, 0x00000000a4500000, 0x00000000a4600000|  0%| F|  |TAMS 0x00000000a4500000, 0x00000000a4500000| Untracked 
|  70|0x00000000a4600000, 0x00000000a4600000, 0x00000000a4700000|  0%| F|  |TAMS 0x00000000a4600000, 0x00000000a4600000| Untracked 
|  71|0x00000000a4700000, 0x00000000a4700000, 0x00000000a4800000|  0%| F|  |TAMS 0x00000000a4700000, 0x00000000a4700000| Untracked 
|  72|0x00000000a4800000, 0x00000000a4800000, 0x00000000a4900000|  0%| F|  |TAMS 0x00000000a4800000, 0x00000000a4800000| Untracked 
|  73|0x00000000a4900000, 0x00000000a4900000, 0x00000000a4a00000|  0%| F|  |TAMS 0x00000000a4900000, 0x00000000a4900000| Untracked 
|  74|0x00000000a4a00000, 0x00000000a4a00000, 0x00000000a4b00000|  0%| F|  |TAMS 0x00000000a4a00000, 0x00000000a4a00000| Untracked 
|  75|0x00000000a4b00000, 0x00000000a4b00000, 0x00000000a4c00000|  0%| F|  |TAMS 0x00000000a4b00000, 0x00000000a4b00000| Untracked 
|  76|0x00000000a4c00000, 0x00000000a4c00000, 0x00000000a4d00000|  0%| F|  |TAMS 0x00000000a4c00000, 0x00000000a4c00000| Untracked 
|  77|0x00000000a4d00000, 0x00000000a4d00000, 0x00000000a4e00000|  0%| F|  |TAMS 0x00000000a4d00000, 0x00000000a4d00000| Untracked 
|  78|0x00000000a4e00000, 0x00000000a4e00000, 0x00000000a4f00000|  0%| F|  |TAMS 0x00000000a4e00000, 0x00000000a4e00000| Untracked 
|  79|0x00000000a4f00000, 0x00000000a4f00000, 0x00000000a5000000|  0%| F|  |TAMS 0x00000000a4f00000, 0x00000000a4f00000| Untracked 
|  80|0x00000000a5000000, 0x00000000a5000000, 0x00000000a5100000|  0%| F|  |TAMS 0x00000000a5000000, 0x00000000a5000000| Untracked 
|  81|0x00000000a5100000, 0x00000000a5100000, 0x00000000a5200000|  0%| F|  |TAMS 0x00000000a5100000, 0x00000000a5100000| Untracked 
|  82|0x00000000a5200000, 0x00000000a5200000, 0x00000000a5300000|  0%| F|  |TAMS 0x00000000a5200000, 0x00000000a5200000| Untracked 
|  83|0x00000000a5300000, 0x00000000a5300000, 0x00000000a5400000|  0%| F|  |TAMS 0x00000000a5300000, 0x00000000a5300000| Untracked 
|  84|0x00000000a5400000, 0x00000000a5400000, 0x00000000a5500000|  0%| F|  |TAMS 0x00000000a5400000, 0x00000000a5400000| Untracked 
|  85|0x00000000a5500000, 0x00000000a5500000, 0x00000000a5600000|  0%| F|  |TAMS 0x00000000a5500000, 0x00000000a5500000| Untracked 
|  86|0x00000000a5600000, 0x00000000a5600000, 0x00000000a5700000|  0%| F|  |TAMS 0x00000000a5600000, 0x00000000a5600000| Untracked 
|  87|0x00000000a5700000, 0x00000000a5700000, 0x00000000a5800000|  0%| F|  |TAMS 0x00000000a5700000, 0x00000000a5700000| Untracked 
|  88|0x00000000a5800000, 0x00000000a5800000, 0x00000000a5900000|  0%| F|  |TAMS 0x00000000a5800000, 0x00000000a5800000| Untracked 
|  89|0x00000000a5900000, 0x00000000a5900000, 0x00000000a5a00000|  0%| F|  |TAMS 0x00000000a5900000, 0x00000000a5900000| Untracked 
|  90|0x00000000a5a00000, 0x00000000a5a00000, 0x00000000a5b00000|  0%| F|  |TAMS 0x00000000a5a00000, 0x00000000a5a00000| Untracked 
|  91|0x00000000a5b00000, 0x00000000a5b00000, 0x00000000a5c00000|  0%| F|  |TAMS 0x00000000a5b00000, 0x00000000a5b00000| Untracked 
|  92|0x00000000a5c00000, 0x00000000a5c00000, 0x00000000a5d00000|  0%| F|  |TAMS 0x00000000a5c00000, 0x00000000a5c00000| Untracked 
|  93|0x00000000a5d00000, 0x00000000a5d00000, 0x00000000a5e00000|  0%| F|  |TAMS 0x00000000a5d00000, 0x00000000a5d00000| Untracked 
|  94|0x00000000a5e00000, 0x00000000a5e00000, 0x00000000a5f00000|  0%| F|  |TAMS 0x00000000a5e00000, 0x00000000a5e00000| Untracked 
|  95|0x00000000a5f00000, 0x00000000a5f00000, 0x00000000a6000000|  0%| F|  |TAMS 0x00000000a5f00000, 0x00000000a5f00000| Untracked 
|  96|0x00000000a6000000, 0x00000000a6000000, 0x00000000a6100000|  0%| F|  |TAMS 0x00000000a6000000, 0x00000000a6000000| Untracked 
|  97|0x00000000a6100000, 0x00000000a6100000, 0x00000000a6200000|  0%| F|  |TAMS 0x00000000a6100000, 0x00000000a6100000| Untracked 
|  98|0x00000000a6200000, 0x00000000a6200000, 0x00000000a6300000|  0%| F|  |TAMS 0x00000000a6200000, 0x00000000a6200000| Untracked 
|  99|0x00000000a6300000, 0x00000000a6300000, 0x00000000a6400000|  0%| F|  |TAMS 0x00000000a6300000, 0x00000000a6300000| Untracked 
| 100|0x00000000a6400000, 0x00000000a6400000, 0x00000000a6500000|  0%| F|  |TAMS 0x00000000a6400000, 0x00000000a6400000| Untracked 
| 101|0x00000000a6500000, 0x00000000a6500000, 0x00000000a6600000|  0%| F|  |TAMS 0x00000000a6500000, 0x00000000a6500000| Untracked 
| 102|0x00000000a6600000, 0x00000000a6600000, 0x00000000a6700000|  0%| F|  |TAMS 0x00000000a6600000, 0x00000000a6600000| Untracked 
| 103|0x00000000a6700000, 0x00000000a6700000, 0x00000000a6800000|  0%| F|  |TAMS 0x00000000a6700000, 0x00000000a6700000| Untracked 
| 104|0x00000000a6800000, 0x00000000a6800000, 0x00000000a6900000|  0%| F|  |TAMS 0x00000000a6800000, 0x00000000a6800000| Untracked 
| 105|0x00000000a6900000, 0x00000000a6900000, 0x00000000a6a00000|  0%| F|  |TAMS 0x00000000a6900000, 0x00000000a6900000| Untracked 
| 106|0x00000000a6a00000, 0x00000000a6a00000, 0x00000000a6b00000|  0%| F|  |TAMS 0x00000000a6a00000, 0x00000000a6a00000| Untracked 
| 107|0x00000000a6b00000, 0x00000000a6b00000, 0x00000000a6c00000|  0%| F|  |TAMS 0x00000000a6b00000, 0x00000000a6b00000| Untracked 
| 108|0x00000000a6c00000, 0x00000000a6c00000, 0x00000000a6d00000|  0%| F|  |TAMS 0x00000000a6c00000, 0x00000000a6c00000| Untracked 
| 109|0x00000000a6d00000, 0x00000000a6d00000, 0x00000000a6e00000|  0%| F|  |TAMS 0x00000000a6d00000, 0x00000000a6d00000| Untracked 
| 110|0x00000000a6e00000, 0x00000000a6e00000, 0x00000000a6f00000|  0%| F|  |TAMS 0x00000000a6e00000, 0x00000000a6e00000| Untracked 
| 111|0x00000000a6f00000, 0x00000000a6f00000, 0x00000000a7000000|  0%| F|  |TAMS 0x00000000a6f00000, 0x00000000a6f00000| Untracked 
| 112|0x00000000a7000000, 0x00000000a7000000, 0x00000000a7100000|  0%| F|  |TAMS 0x00000000a7000000, 0x00000000a7000000| Untracked 
| 113|0x00000000a7100000, 0x00000000a7100000, 0x00000000a7200000|  0%| F|  |TAMS 0x00000000a7100000, 0x00000000a7100000| Untracked 
| 114|0x00000000a7200000, 0x00000000a7200000, 0x00000000a7300000|  0%| F|  |TAMS 0x00000000a7200000, 0x00000000a7200000| Untracked 
| 115|0x00000000a7300000, 0x00000000a7300000, 0x00000000a7400000|  0%| F|  |TAMS 0x00000000a7300000, 0x00000000a7300000| Untracked 
| 116|0x00000000a7400000, 0x00000000a747c110, 0x00000000a7500000| 48%| S|CS|TAMS 0x00000000a7400000, 0x00000000a7400000| Complete 
| 117|0x00000000a7500000, 0x00000000a7600000, 0x00000000a7600000|100%| S|CS|TAMS 0x00000000a7500000, 0x00000000a7500000| Complete 
| 118|0x00000000a7600000, 0x00000000a7700000, 0x00000000a7700000|100%| S|CS|TAMS 0x00000000a7600000, 0x00000000a7600000| Complete 
| 119|0x00000000a7700000, 0x00000000a7800000, 0x00000000a7800000|100%| S|CS|TAMS 0x00000000a7700000, 0x00000000a7700000| Complete 
| 120|0x00000000a7800000, 0x00000000a7900000, 0x00000000a7900000|100%| S|CS|TAMS 0x00000000a7800000, 0x00000000a7800000| Complete 
| 121|0x00000000a7900000, 0x00000000a7a00000, 0x00000000a7a00000|100%| S|CS|TAMS 0x00000000a7900000, 0x00000000a7900000| Complete 
| 122|0x00000000a7a00000, 0x00000000a7b00000, 0x00000000a7b00000|100%| S|CS|TAMS 0x00000000a7a00000, 0x00000000a7a00000| Complete 
| 123|0x00000000a7b00000, 0x00000000a7c00000, 0x00000000a7c00000|100%| S|CS|TAMS 0x00000000a7b00000, 0x00000000a7b00000| Complete 
| 124|0x00000000a7c00000, 0x00000000a7d00000, 0x00000000a7d00000|100%| S|CS|TAMS 0x00000000a7c00000, 0x00000000a7c00000| Complete 
| 125|0x00000000a7d00000, 0x00000000a7e00000, 0x00000000a7e00000|100%| S|CS|TAMS 0x00000000a7d00000, 0x00000000a7d00000| Complete 
| 126|0x00000000a7e00000, 0x00000000a7f00000, 0x00000000a7f00000|100%| S|CS|TAMS 0x00000000a7e00000, 0x00000000a7e00000| Complete 
| 127|0x00000000a7f00000, 0x00000000a8000000, 0x00000000a8000000|100%| S|CS|TAMS 0x00000000a7f00000, 0x00000000a7f00000| Complete 
| 128|0x00000000a8000000, 0x00000000a8000000, 0x00000000a8100000|  0%| F|  |TAMS 0x00000000a8000000, 0x00000000a8000000| Untracked 
| 129|0x00000000a8100000, 0x00000000a8100000, 0x00000000a8200000|  0%| F|  |TAMS 0x00000000a8100000, 0x00000000a8100000| Untracked 
| 130|0x00000000a8200000, 0x00000000a8200000, 0x00000000a8300000|  0%| F|  |TAMS 0x00000000a8200000, 0x00000000a8200000| Untracked 
| 131|0x00000000a8300000, 0x00000000a8300000, 0x00000000a8400000|  0%| F|  |TAMS 0x00000000a8300000, 0x00000000a8300000| Untracked 
| 132|0x00000000a8400000, 0x00000000a8400000, 0x00000000a8500000|  0%| F|  |TAMS 0x00000000a8400000, 0x00000000a8400000| Untracked 
| 133|0x00000000a8500000, 0x00000000a8500000, 0x00000000a8600000|  0%| F|  |TAMS 0x00000000a8500000, 0x00000000a8500000| Untracked 
| 134|0x00000000a8600000, 0x00000000a8600000, 0x00000000a8700000|  0%| F|  |TAMS 0x00000000a8600000, 0x00000000a8600000| Untracked 
| 135|0x00000000a8700000, 0x00000000a8700000, 0x00000000a8800000|  0%| F|  |TAMS 0x00000000a8700000, 0x00000000a8700000| Untracked 
| 136|0x00000000a8800000, 0x00000000a8800000, 0x00000000a8900000|  0%| F|  |TAMS 0x00000000a8800000, 0x00000000a8800000| Untracked 
| 137|0x00000000a8900000, 0x00000000a8900000, 0x00000000a8a00000|  0%| F|  |TAMS 0x00000000a8900000, 0x00000000a8900000| Untracked 
| 138|0x00000000a8a00000, 0x00000000a8a00000, 0x00000000a8b00000|  0%| F|  |TAMS 0x00000000a8a00000, 0x00000000a8a00000| Untracked 
| 139|0x00000000a8b00000, 0x00000000a8b00000, 0x00000000a8c00000|  0%| F|  |TAMS 0x00000000a8b00000, 0x00000000a8b00000| Untracked 
| 140|0x00000000a8c00000, 0x00000000a8c00000, 0x00000000a8d00000|  0%| F|  |TAMS 0x00000000a8c00000, 0x00000000a8c00000| Untracked 
| 141|0x00000000a8d00000, 0x00000000a8d00000, 0x00000000a8e00000|  0%| F|  |TAMS 0x00000000a8d00000, 0x00000000a8d00000| Untracked 
| 142|0x00000000a8e00000, 0x00000000a8e00000, 0x00000000a8f00000|  0%| F|  |TAMS 0x00000000a8e00000, 0x00000000a8e00000| Untracked 
| 143|0x00000000a8f00000, 0x00000000a8f00000, 0x00000000a9000000|  0%| F|  |TAMS 0x00000000a8f00000, 0x00000000a8f00000| Untracked 
| 144|0x00000000a9000000, 0x00000000a9000000, 0x00000000a9100000|  0%| F|  |TAMS 0x00000000a9000000, 0x00000000a9000000| Untracked 
| 145|0x00000000a9100000, 0x00000000a9100000, 0x00000000a9200000|  0%| F|  |TAMS 0x00000000a9100000, 0x00000000a9100000| Untracked 
| 146|0x00000000a9200000, 0x00000000a9200000, 0x00000000a9300000|  0%| F|  |TAMS 0x00000000a9200000, 0x00000000a9200000| Untracked 
| 147|0x00000000a9300000, 0x00000000a9300000, 0x00000000a9400000|  0%| F|  |TAMS 0x00000000a9300000, 0x00000000a9300000| Untracked 
| 148|0x00000000a9400000, 0x00000000a9400000, 0x00000000a9500000|  0%| F|  |TAMS 0x00000000a9400000, 0x00000000a9400000| Untracked 
| 149|0x00000000a9500000, 0x00000000a9500000, 0x00000000a9600000|  0%| F|  |TAMS 0x00000000a9500000, 0x00000000a9500000| Untracked 
| 150|0x00000000a9600000, 0x00000000a9600000, 0x00000000a9700000|  0%| F|  |TAMS 0x00000000a9600000, 0x00000000a9600000| Untracked 
| 151|0x00000000a9700000, 0x00000000a9700000, 0x00000000a9800000|  0%| F|  |TAMS 0x00000000a9700000, 0x00000000a9700000| Untracked 
| 152|0x00000000a9800000, 0x00000000a9800000, 0x00000000a9900000|  0%| F|  |TAMS 0x00000000a9800000, 0x00000000a9800000| Untracked 
| 153|0x00000000a9900000, 0x00000000a9900000, 0x00000000a9a00000|  0%| F|  |TAMS 0x00000000a9900000, 0x00000000a9900000| Untracked 
| 154|0x00000000a9a00000, 0x00000000a9a00000, 0x00000000a9b00000|  0%| F|  |TAMS 0x00000000a9a00000, 0x00000000a9a00000| Untracked 
| 155|0x00000000a9b00000, 0x00000000a9b00000, 0x00000000a9c00000|  0%| F|  |TAMS 0x00000000a9b00000, 0x00000000a9b00000| Untracked 
| 156|0x00000000a9c00000, 0x00000000a9c00000, 0x00000000a9d00000|  0%| F|  |TAMS 0x00000000a9c00000, 0x00000000a9c00000| Untracked 
| 157|0x00000000a9d00000, 0x00000000a9d00000, 0x00000000a9e00000|  0%| F|  |TAMS 0x00000000a9d00000, 0x00000000a9d00000| Untracked 
| 158|0x00000000a9e00000, 0x00000000a9e00000, 0x00000000a9f00000|  0%| F|  |TAMS 0x00000000a9e00000, 0x00000000a9e00000| Untracked 
| 159|0x00000000a9f00000, 0x00000000a9f00000, 0x00000000aa000000|  0%| F|  |TAMS 0x00000000a9f00000, 0x00000000a9f00000| Untracked 
| 160|0x00000000aa000000, 0x00000000aa000000, 0x00000000aa100000|  0%| F|  |TAMS 0x00000000aa000000, 0x00000000aa000000| Untracked 
| 161|0x00000000aa100000, 0x00000000aa100000, 0x00000000aa200000|  0%| F|  |TAMS 0x00000000aa100000, 0x00000000aa100000| Untracked 
| 162|0x00000000aa200000, 0x00000000aa200000, 0x00000000aa300000|  0%| F|  |TAMS 0x00000000aa200000, 0x00000000aa200000| Untracked 
| 163|0x00000000aa300000, 0x00000000aa300000, 0x00000000aa400000|  0%| F|  |TAMS 0x00000000aa300000, 0x00000000aa300000| Untracked 
| 164|0x00000000aa400000, 0x00000000aa400000, 0x00000000aa500000|  0%| F|  |TAMS 0x00000000aa400000, 0x00000000aa400000| Untracked 
| 165|0x00000000aa500000, 0x00000000aa500000, 0x00000000aa600000|  0%| F|  |TAMS 0x00000000aa500000, 0x00000000aa500000| Untracked 
| 166|0x00000000aa600000, 0x00000000aa600000, 0x00000000aa700000|  0%| F|  |TAMS 0x00000000aa600000, 0x00000000aa600000| Untracked 
| 167|0x00000000aa700000, 0x00000000aa700000, 0x00000000aa800000|  0%| F|  |TAMS 0x00000000aa700000, 0x00000000aa700000| Untracked 
| 168|0x00000000aa800000, 0x00000000aa800000, 0x00000000aa900000|  0%| F|  |TAMS 0x00000000aa800000, 0x00000000aa800000| Untracked 
| 169|0x00000000aa900000, 0x00000000aa900000, 0x00000000aaa00000|  0%| F|  |TAMS 0x00000000aa900000, 0x00000000aa900000| Untracked 
| 170|0x00000000aaa00000, 0x00000000aaa00000, 0x00000000aab00000|  0%| F|  |TAMS 0x00000000aaa00000, 0x00000000aaa00000| Untracked 
| 171|0x00000000aab00000, 0x00000000aab00000, 0x00000000aac00000|  0%| F|  |TAMS 0x00000000aab00000, 0x00000000aab00000| Untracked 
| 172|0x00000000aac00000, 0x00000000aac00000, 0x00000000aad00000|  0%| F|  |TAMS 0x00000000aac00000, 0x00000000aac00000| Untracked 
| 173|0x00000000aad00000, 0x00000000aad00000, 0x00000000aae00000|  0%| F|  |TAMS 0x00000000aad00000, 0x00000000aad00000| Untracked 
| 174|0x00000000aae00000, 0x00000000aae00000, 0x00000000aaf00000|  0%| F|  |TAMS 0x00000000aae00000, 0x00000000aae00000| Untracked 
| 175|0x00000000aaf00000, 0x00000000aaf00000, 0x00000000ab000000|  0%| F|  |TAMS 0x00000000aaf00000, 0x00000000aaf00000| Untracked 
| 176|0x00000000ab000000, 0x00000000ab000000, 0x00000000ab100000|  0%| F|  |TAMS 0x00000000ab000000, 0x00000000ab000000| Untracked 
| 177|0x00000000ab100000, 0x00000000ab100000, 0x00000000ab200000|  0%| F|  |TAMS 0x00000000ab100000, 0x00000000ab100000| Untracked 
| 178|0x00000000ab200000, 0x00000000ab200000, 0x00000000ab300000|  0%| F|  |TAMS 0x00000000ab200000, 0x00000000ab200000| Untracked 
| 179|0x00000000ab300000, 0x00000000ab300000, 0x00000000ab400000|  0%| F|  |TAMS 0x00000000ab300000, 0x00000000ab300000| Untracked 
| 180|0x00000000ab400000, 0x00000000ab400000, 0x00000000ab500000|  0%| F|  |TAMS 0x00000000ab400000, 0x00000000ab400000| Untracked 
| 181|0x00000000ab500000, 0x00000000ab500000, 0x00000000ab600000|  0%| F|  |TAMS 0x00000000ab500000, 0x00000000ab500000| Untracked 
| 182|0x00000000ab600000, 0x00000000ab600000, 0x00000000ab700000|  0%| F|  |TAMS 0x00000000ab600000, 0x00000000ab600000| Untracked 
| 183|0x00000000ab700000, 0x00000000ab700000, 0x00000000ab800000|  0%| F|  |TAMS 0x00000000ab700000, 0x00000000ab700000| Untracked 
| 184|0x00000000ab800000, 0x00000000ab800000, 0x00000000ab900000|  0%| F|  |TAMS 0x00000000ab800000, 0x00000000ab800000| Untracked 
| 185|0x00000000ab900000, 0x00000000ab900000, 0x00000000aba00000|  0%| F|  |TAMS 0x00000000ab900000, 0x00000000ab900000| Untracked 
| 186|0x00000000aba00000, 0x00000000aba00000, 0x00000000abb00000|  0%| F|  |TAMS 0x00000000aba00000, 0x00000000aba00000| Untracked 
| 187|0x00000000abb00000, 0x00000000abb00000, 0x00000000abc00000|  0%| F|  |TAMS 0x00000000abb00000, 0x00000000abb00000| Untracked 
| 188|0x00000000abc00000, 0x00000000abc00000, 0x00000000abd00000|  0%| F|  |TAMS 0x00000000abc00000, 0x00000000abc00000| Untracked 
| 189|0x00000000abd00000, 0x00000000abd00000, 0x00000000abe00000|  0%| F|  |TAMS 0x00000000abd00000, 0x00000000abd00000| Untracked 
| 190|0x00000000abe00000, 0x00000000abe00000, 0x00000000abf00000|  0%| F|  |TAMS 0x00000000abe00000, 0x00000000abe00000| Untracked 
| 191|0x00000000abf00000, 0x00000000abf00000, 0x00000000ac000000|  0%| F|  |TAMS 0x00000000abf00000, 0x00000000abf00000| Untracked 
| 192|0x00000000ac000000, 0x00000000ac000000, 0x00000000ac100000|  0%| F|  |TAMS 0x00000000ac000000, 0x00000000ac000000| Untracked 
| 193|0x00000000ac100000, 0x00000000ac100000, 0x00000000ac200000|  0%| F|  |TAMS 0x00000000ac100000, 0x00000000ac100000| Untracked 
| 194|0x00000000ac200000, 0x00000000ac200000, 0x00000000ac300000|  0%| F|  |TAMS 0x00000000ac200000, 0x00000000ac200000| Untracked 
| 195|0x00000000ac300000, 0x00000000ac300000, 0x00000000ac400000|  0%| F|  |TAMS 0x00000000ac300000, 0x00000000ac300000| Untracked 
| 196|0x00000000ac400000, 0x00000000ac400000, 0x00000000ac500000|  0%| F|  |TAMS 0x00000000ac400000, 0x00000000ac400000| Untracked 
| 197|0x00000000ac500000, 0x00000000ac500000, 0x00000000ac600000|  0%| F|  |TAMS 0x00000000ac500000, 0x00000000ac500000| Untracked 
| 198|0x00000000ac600000, 0x00000000ac600000, 0x00000000ac700000|  0%| F|  |TAMS 0x00000000ac600000, 0x00000000ac600000| Untracked 
| 199|0x00000000ac700000, 0x00000000ac7c15c0, 0x00000000ac800000| 75%| E|  |TAMS 0x00000000ac700000, 0x00000000ac700000| Complete 
| 200|0x00000000ac800000, 0x00000000ac900000, 0x00000000ac900000|100%| E|CS|TAMS 0x00000000ac800000, 0x00000000ac800000| Complete 
| 201|0x00000000ac900000, 0x00000000aca00000, 0x00000000aca00000|100%| E|CS|TAMS 0x00000000ac900000, 0x00000000ac900000| Complete 
| 202|0x00000000aca00000, 0x00000000acb00000, 0x00000000acb00000|100%| E|CS|TAMS 0x00000000aca00000, 0x00000000aca00000| Complete 
| 203|0x00000000acb00000, 0x00000000acc00000, 0x00000000acc00000|100%| E|CS|TAMS 0x00000000acb00000, 0x00000000acb00000| Complete 
| 204|0x00000000acc00000, 0x00000000acd00000, 0x00000000acd00000|100%| E|  |TAMS 0x00000000acc00000, 0x00000000acc00000| Complete 
| 205|0x00000000acd00000, 0x00000000ace00000, 0x00000000ace00000|100%| E|CS|TAMS 0x00000000acd00000, 0x00000000acd00000| Complete 
| 206|0x00000000ace00000, 0x00000000acf00000, 0x00000000acf00000|100%| E|CS|TAMS 0x00000000ace00000, 0x00000000ace00000| Complete 
| 207|0x00000000acf00000, 0x00000000ad000000, 0x00000000ad000000|100%| E|CS|TAMS 0x00000000acf00000, 0x00000000acf00000| Complete 
| 208|0x00000000ad000000, 0x00000000ad100000, 0x00000000ad100000|100%| E|CS|TAMS 0x00000000ad000000, 0x00000000ad000000| Complete 
| 209|0x00000000ad100000, 0x00000000ad200000, 0x00000000ad200000|100%| E|CS|TAMS 0x00000000ad100000, 0x00000000ad100000| Complete 
| 210|0x00000000ad200000, 0x00000000ad300000, 0x00000000ad300000|100%| E|CS|TAMS 0x00000000ad200000, 0x00000000ad200000| Complete 
| 211|0x00000000ad300000, 0x00000000ad400000, 0x00000000ad400000|100%| E|CS|TAMS 0x00000000ad300000, 0x00000000ad300000| Complete 
| 212|0x00000000ad400000, 0x00000000ad500000, 0x00000000ad500000|100%| E|CS|TAMS 0x00000000ad400000, 0x00000000ad400000| Complete 
| 213|0x00000000ad500000, 0x00000000ad600000, 0x00000000ad600000|100%| E|CS|TAMS 0x00000000ad500000, 0x00000000ad500000| Complete 
| 214|0x00000000ad600000, 0x00000000ad700000, 0x00000000ad700000|100%| E|CS|TAMS 0x00000000ad600000, 0x00000000ad600000| Complete 
| 215|0x00000000ad700000, 0x00000000ad800000, 0x00000000ad800000|100%| E|CS|TAMS 0x00000000ad700000, 0x00000000ad700000| Complete 
| 216|0x00000000ad800000, 0x00000000ad900000, 0x00000000ad900000|100%| E|CS|TAMS 0x00000000ad800000, 0x00000000ad800000| Complete 
| 217|0x00000000ad900000, 0x00000000ada00000, 0x00000000ada00000|100%| E|CS|TAMS 0x00000000ad900000, 0x00000000ad900000| Complete 
| 218|0x00000000ada00000, 0x00000000adb00000, 0x00000000adb00000|100%| E|CS|TAMS 0x00000000ada00000, 0x00000000ada00000| Complete 
| 219|0x00000000adb00000, 0x00000000adc00000, 0x00000000adc00000|100%| E|CS|TAMS 0x00000000adb00000, 0x00000000adb00000| Complete 
| 220|0x00000000adc00000, 0x00000000add00000, 0x00000000add00000|100%| E|CS|TAMS 0x00000000adc00000, 0x00000000adc00000| Complete 
| 221|0x00000000add00000, 0x00000000ade00000, 0x00000000ade00000|100%| E|CS|TAMS 0x00000000add00000, 0x00000000add00000| Complete 
| 222|0x00000000ade00000, 0x00000000adf00000, 0x00000000adf00000|100%| E|CS|TAMS 0x00000000ade00000, 0x00000000ade00000| Complete 
| 223|0x00000000adf00000, 0x00000000ae000000, 0x00000000ae000000|100%| E|CS|TAMS 0x00000000adf00000, 0x00000000adf00000| Complete 
| 224|0x00000000ae000000, 0x00000000ae100000, 0x00000000ae100000|100%| E|CS|TAMS 0x00000000ae000000, 0x00000000ae000000| Complete 
| 225|0x00000000ae100000, 0x00000000ae200000, 0x00000000ae200000|100%| E|CS|TAMS 0x00000000ae100000, 0x00000000ae100000| Complete 
| 226|0x00000000ae200000, 0x00000000ae300000, 0x00000000ae300000|100%| E|CS|TAMS 0x00000000ae200000, 0x00000000ae200000| Complete 
| 227|0x00000000ae300000, 0x00000000ae400000, 0x00000000ae400000|100%| E|CS|TAMS 0x00000000ae300000, 0x00000000ae300000| Complete 
| 228|0x00000000ae400000, 0x00000000ae500000, 0x00000000ae500000|100%| E|CS|TAMS 0x00000000ae400000, 0x00000000ae400000| Complete 
| 229|0x00000000ae500000, 0x00000000ae600000, 0x00000000ae600000|100%| E|CS|TAMS 0x00000000ae500000, 0x00000000ae500000| Complete 
| 230|0x00000000ae600000, 0x00000000ae700000, 0x00000000ae700000|100%| E|CS|TAMS 0x00000000ae600000, 0x00000000ae600000| Complete 
| 231|0x00000000ae700000, 0x00000000ae800000, 0x00000000ae800000|100%| E|CS|TAMS 0x00000000ae700000, 0x00000000ae700000| Complete 
| 232|0x00000000ae800000, 0x00000000ae900000, 0x00000000ae900000|100%| E|CS|TAMS 0x00000000ae800000, 0x00000000ae800000| Complete 
| 233|0x00000000ae900000, 0x00000000aea00000, 0x00000000aea00000|100%| E|CS|TAMS 0x00000000ae900000, 0x00000000ae900000| Complete 
| 234|0x00000000aea00000, 0x00000000aeb00000, 0x00000000aeb00000|100%| E|CS|TAMS 0x00000000aea00000, 0x00000000aea00000| Complete 
| 235|0x00000000aeb00000, 0x00000000aec00000, 0x00000000aec00000|100%| E|CS|TAMS 0x00000000aeb00000, 0x00000000aeb00000| Complete 
| 236|0x00000000aec00000, 0x00000000aed00000, 0x00000000aed00000|100%| E|CS|TAMS 0x00000000aec00000, 0x00000000aec00000| Complete 
| 237|0x00000000aed00000, 0x00000000aee00000, 0x00000000aee00000|100%| E|CS|TAMS 0x00000000aed00000, 0x00000000aed00000| Complete 
| 238|0x00000000aee00000, 0x00000000aef00000, 0x00000000aef00000|100%| E|CS|TAMS 0x00000000aee00000, 0x00000000aee00000| Complete 
| 239|0x00000000aef00000, 0x00000000af000000, 0x00000000af000000|100%| E|CS|TAMS 0x00000000aef00000, 0x00000000aef00000| Complete 
| 240|0x00000000af000000, 0x00000000af100000, 0x00000000af100000|100%| E|CS|TAMS 0x00000000af000000, 0x00000000af000000| Complete 
| 241|0x00000000af100000, 0x00000000af200000, 0x00000000af200000|100%| E|CS|TAMS 0x00000000af100000, 0x00000000af100000| Complete 
| 242|0x00000000af200000, 0x00000000af300000, 0x00000000af300000|100%| E|CS|TAMS 0x00000000af200000, 0x00000000af200000| Complete 
| 243|0x00000000af300000, 0x00000000af400000, 0x00000000af400000|100%| E|CS|TAMS 0x00000000af300000, 0x00000000af300000| Complete 
| 244|0x00000000af400000, 0x00000000af500000, 0x00000000af500000|100%| E|CS|TAMS 0x00000000af400000, 0x00000000af400000| Complete 
| 245|0x00000000af500000, 0x00000000af600000, 0x00000000af600000|100%| E|CS|TAMS 0x00000000af500000, 0x00000000af500000| Complete 
| 246|0x00000000af600000, 0x00000000af700000, 0x00000000af700000|100%| E|CS|TAMS 0x00000000af600000, 0x00000000af600000| Complete 
| 247|0x00000000af700000, 0x00000000af800000, 0x00000000af800000|100%| E|CS|TAMS 0x00000000af700000, 0x00000000af700000| Complete 
| 248|0x00000000af800000, 0x00000000af900000, 0x00000000af900000|100%| E|CS|TAMS 0x00000000af800000, 0x00000000af800000| Complete 
| 249|0x00000000af900000, 0x00000000afa00000, 0x00000000afa00000|100%| E|CS|TAMS 0x00000000af900000, 0x00000000af900000| Complete 
| 250|0x00000000afa00000, 0x00000000afb00000, 0x00000000afb00000|100%| E|CS|TAMS 0x00000000afa00000, 0x00000000afa00000| Complete 
| 251|0x00000000afb00000, 0x00000000afc00000, 0x00000000afc00000|100%| E|CS|TAMS 0x00000000afb00000, 0x00000000afb00000| Complete 
| 252|0x00000000afc00000, 0x00000000afd00000, 0x00000000afd00000|100%| E|CS|TAMS 0x00000000afc00000, 0x00000000afc00000| Complete 
| 253|0x00000000afd00000, 0x00000000afe00000, 0x00000000afe00000|100%| E|CS|TAMS 0x00000000afd00000, 0x00000000afd00000| Complete 
| 254|0x00000000afe00000, 0x00000000aff00000, 0x00000000aff00000|100%| E|CS|TAMS 0x00000000afe00000, 0x00000000afe00000| Complete 
| 255|0x00000000aff00000, 0x00000000b0000000, 0x00000000b0000000|100%| E|CS|TAMS 0x00000000aff00000, 0x00000000aff00000| Complete 

Card table byte_map: [0x0000017d76140000,0x0000017d76440000] _byte_map_base: 0x0000017d75c40000

Marking Bits (Prev, Next): (CMBitMap*) 0x0000017d5c2cb7e0, (CMBitMap*) 0x0000017d5c2cb7a8
 Prev Bits: [0x0000017d77f40000, 0x0000017d79740000)
 Next Bits: [0x0000017d76740000, 0x0000017d77f40000)

Polling page: 0x0000017d5c370000

Metaspace:

Usage:
  Non-class:     61.34 MB capacity,    60.10 MB ( 98%) used,     1.10 MB (  2%) free+waste,   143.88 KB ( <1%) overhead. 
      Class:      9.53 MB capacity,     8.89 MB ( 93%) used,   582.84 KB (  6%) free+waste,    67.81 KB ( <1%) overhead. 
       Both:     70.86 MB capacity,    68.99 MB ( 97%) used,     1.67 MB (  2%) free+waste,   211.69 KB ( <1%) overhead. 

Virtual space:
  Non-class space:       62.00 MB reserved,      61.49 MB (>99%) committed 
      Class space:        1.00 GB reserved,       9.63 MB ( <1%) committed 
             Both:        1.06 GB reserved,      71.12 MB (  7%) committed 

Chunk freelists:
   Non-Class:  31.00 KB
       Class:  6.00 KB
        Both:  37.00 KB

MaxMetaspaceSize: 17179869184.00 GB
CompressedClassSpaceSize: 1.00 GB

CodeHeap 'non-profiled nmethods': size=120000Kb used=4692Kb max_used=4692Kb free=115307Kb
 bounds [0x0000017d6dc80000, 0x0000017d6e120000, 0x0000017d751b0000]
CodeHeap 'profiled nmethods': size=120000Kb used=16717Kb max_used=16717Kb free=103282Kb
 bounds [0x0000017d66750000, 0x0000017d677b0000, 0x0000017d6dc80000]
CodeHeap 'non-nmethods': size=5760Kb used=2272Kb max_used=2311Kb free=3487Kb
 bounds [0x0000017d661b0000, 0x0000017d66420000, 0x0000017d66750000]
 total_blobs=8396 nmethods=7532 adapters=774
 compilation: enabled
              stopped_count=0, restarted_count=0
 full_count=0

Compilation events (20 events):
Event: 8.474 Thread 0x0000017d7cd04800 7571       3       sun.nio.cs.UTF_8$Decoder::isMalformed3 (45 bytes)
Event: 8.475 Thread 0x0000017d7cd04800 nmethod 7571 0x0000017d67795790 code [0x0000017d67795940, 0x0000017d67795b58]
Event: 8.476 Thread 0x0000017d7cd04800 7574       3       java.lang.String::hashCode (49 bytes)
Event: 8.476 Thread 0x0000017d7cd04800 nmethod 7574 0x0000017d67795c10 code [0x0000017d67795e00, 0x0000017d67796208]
Event: 8.481 Thread 0x0000017d7cd04800 7576 % !   3       java.util.concurrent.ConcurrentHashMap::transfer @ 437 (828 bytes)
Event: 8.486 Thread 0x0000017d7cd04800 nmethod 7576% 0x0000017d67796390 code [0x0000017d67796800, 0x0000017d67799f88]
Event: 8.486 Thread 0x0000017d7cd04800 7577       2       sun.net.util.URLUtil::urlNoFragString (114 bytes)
Event: 8.488 Thread 0x0000017d7cd04800 nmethod 7577 0x0000017d6779b510 code [0x0000017d6779b780, 0x0000017d6779bcd8]
Event: 8.488 Thread 0x0000017d7cd04800 7578       2       java.net.URL::getDefaultPort (8 bytes)
Event: 8.488 Thread 0x0000017d7cd04800 nmethod 7578 0x0000017d6779c010 code [0x0000017d6779c1c0, 0x0000017d6779c2e8]
Event: 8.503 Thread 0x0000017d7cd04800 7579       3       java.net.URLStreamHandler::setURL (73 bytes)
Event: 8.504 Thread 0x0000017d7cd04800 nmethod 7579 0x0000017d6779c390 code [0x0000017d6779c660, 0x0000017d6779d398]
Event: 8.560 Thread 0x0000017d7cd04800 7580   !   3       java.util.concurrent.ConcurrentHashMap::transfer (828 bytes)
Event: 8.564 Thread 0x0000017d7cd04800 nmethod 7580 0x0000017d6779d890 code [0x0000017d6779dd00, 0x0000017d677a0ee8]
Event: 8.571 Thread 0x0000017d00f5a800 nmethod 7547% 0x0000017d6e110990 code [0x0000017d6e110c60, 0x0000017d6e113448]
Event: 8.571 Thread 0x0000017d00f5a800 7564       4       java.lang.String::startsWith (138 bytes)
Event: 8.576 Thread 0x0000017d00f5a800 nmethod 7564 0x0000017d6e114b10 code [0x0000017d6e114cc0, 0x0000017d6e114f18]
Event: 8.576 Thread 0x0000017d00f5a800 7575   !   4       java.util.concurrent.ConcurrentHashMap::putVal (432 bytes)
Event: 8.625 Thread 0x0000017d7cd04800 7582       3       org.apache.http.util.Args::notNull (33 bytes)
Event: 8.627 Thread 0x0000017d7cd04800 nmethod 7582 0x0000017d677a2390 code [0x0000017d677a2600, 0x0000017d677a2e58]

GC Heap History (16 events):
Event: 0.601 GC heap before
{Heap before GC invocations=0 (full 0):
 garbage-first heap   total 262144K, used 29696K [0x00000000a0000000, 0x0000000100000000)
  region size 1024K, 24 young (24576K), 0 survivors (0K)
 Metaspace       used 10401K, capacity 10628K, committed 10752K, reserved 1058816K
  class space    used 1093K, capacity 1157K, committed 1280K, reserved 1048576K
}
Event: 0.605 GC heap after
{Heap after GC invocations=1 (full 0):
 garbage-first heap   total 262144K, used 8659K [0x00000000a0000000, 0x0000000100000000)
  region size 1024K, 3 young (3072K), 3 survivors (3072K)
 Metaspace       used 10401K, capacity 10628K, committed 10752K, reserved 1058816K
  class space    used 1093K, capacity 1157K, committed 1280K, reserved 1048576K
}
Event: 1.887 GC heap before
{Heap before GC invocations=1 (full 0):
 garbage-first heap   total 262144K, used 90579K [0x00000000a0000000, 0x0000000100000000)
  region size 1024K, 84 young (86016K), 3 survivors (3072K)
 Metaspace       used 20810K, capacity 21186K, committed 21248K, reserved 1067008K
  class space    used 2616K, capacity 2792K, committed 2816K, reserved 1048576K
}
Event: 1.896 GC heap after
{Heap after GC invocations=2 (full 0):
 garbage-first heap   total 262144K, used 15592K [0x00000000a0000000, 0x0000000100000000)
  region size 1024K, 10 young (10240K), 10 survivors (10240K)
 Metaspace       used 20810K, capacity 21186K, committed 21248K, reserved 1067008K
  class space    used 2616K, capacity 2792K, committed 2816K, reserved 1048576K
}
Event: 2.343 GC heap before
{Heap before GC invocations=3 (full 0):
 garbage-first heap   total 262144K, used 50408K [0x00000000a0000000, 0x0000000100000000)
  region size 1024K, 45 young (46080K), 10 survivors (10240K)
 Metaspace       used 28380K, capacity 28836K, committed 28928K, reserved 1075200K
  class space    used 3576K, capacity 3764K, committed 3840K, reserved 1048576K
}
Event: 2.350 GC heap after
{Heap after GC invocations=4 (full 0):
 garbage-first heap   total 262144K, used 18433K [0x00000000a0000000, 0x0000000100000000)
  region size 1024K, 3 young (3072K), 3 survivors (3072K)
 Metaspace       used 28380K, capacity 28836K, committed 28928K, reserved 1075200K
  class space    used 3576K, capacity 3764K, committed 3840K, reserved 1048576K
}
Event: 3.002 GC heap before
{Heap before GC invocations=4 (full 0):
 garbage-first heap   total 262144K, used 72705K [0x00000000a0000000, 0x0000000100000000)
  region size 1024K, 55 young (56320K), 3 survivors (3072K)
 Metaspace       used 35228K, capacity 35719K, committed 35840K, reserved 1081344K
  class space    used 4377K, capacity 4583K, committed 4608K, reserved 1048576K
}
Event: 3.011 GC heap after
{Heap after GC invocations=5 (full 0):
 garbage-first heap   total 262144K, used 21429K [0x00000000a0000000, 0x0000000100000000)
  region size 1024K, 6 young (6144K), 6 survivors (6144K)
 Metaspace       used 35228K, capacity 35719K, committed 35840K, reserved 1081344K
  class space    used 4377K, capacity 4583K, committed 4608K, reserved 1048576K
}
Event: 4.006 GC heap before
{Heap before GC invocations=6 (full 0):
 garbage-first heap   total 262144K, used 114613K [0x00000000a0000000, 0x0000000100000000)
  region size 1024K, 92 young (94208K), 6 survivors (6144K)
 Metaspace       used 41140K, capacity 41996K, committed 42240K, reserved 1085440K
  class space    used 5251K, capacity 5519K, committed 5632K, reserved 1048576K
}
Event: 4.014 GC heap after
{Heap after GC invocations=7 (full 0):
 garbage-first heap   total 262144K, used 35130K [0x00000000a0000000, 0x0000000100000000)
  region size 1024K, 12 young (12288K), 12 survivors (12288K)
 Metaspace       used 41140K, capacity 41996K, committed 42240K, reserved 1085440K
  class space    used 5251K, capacity 5519K, committed 5632K, reserved 1048576K
}
Event: 5.212 GC heap before
{Heap before GC invocations=7 (full 0):
 garbage-first heap   total 262144K, used 140602K [0x00000000a0000000, 0x0000000100000000)
  region size 1024K, 115 young (117760K), 12 survivors (12288K)
 Metaspace       used 54091K, capacity 55187K, committed 55296K, reserved 1097728K
  class space    used 6787K, capacity 7163K, committed 7168K, reserved 1048576K
}
Event: 5.225 GC heap after
{Heap after GC invocations=8 (full 0):
 garbage-first heap   total 262144K, used 42568K [0x00000000a0000000, 0x0000000100000000)
  region size 1024K, 15 young (15360K), 15 survivors (15360K)
 Metaspace       used 54091K, capacity 55187K, committed 55296K, reserved 1097728K
  class space    used 6787K, capacity 7163K, committed 7168K, reserved 1048576K
}
Event: 6.215 GC heap before
{Heap before GC invocations=8 (full 0):
 garbage-first heap   total 262144K, used 128584K [0x00000000a0000000, 0x0000000100000000)
  region size 1024K, 99 young (101376K), 15 survivors (15360K)
 Metaspace       used 58513K, capacity 59849K, committed 59904K, reserved 1101824K
  class space    used 7422K, capacity 7915K, committed 7936K, reserved 1048576K
}
Event: 6.242 GC heap after
{Heap after GC invocations=9 (full 0):
 garbage-first heap   total 262144K, used 53023K [0x00000000a0000000, 0x0000000100000000)
  region size 1024K, 16 young (16384K), 16 survivors (16384K)
 Metaspace       used 58513K, capacity 59849K, committed 59904K, reserved 1101824K
  class space    used 7422K, capacity 7915K, committed 7936K, reserved 1048576K
}
Event: 7.710 GC heap before
{Heap before GC invocations=10 (full 0):
 garbage-first heap   total 262144K, used 170783K [0x00000000a0000000, 0x0000000100000000)
  region size 1024K, 128 young (131072K), 16 survivors (16384K)
 Metaspace       used 66039K, capacity 67915K, committed 68088K, reserved 1107968K
  class space    used 8476K, capacity 9110K, committed 9216K, reserved 1048576K
}
Event: 7.725 GC heap after
{Heap after GC invocations=11 (full 0):
 garbage-first heap   total 262144K, used 67139K [0x00000000a0000000, 0x0000000100000000)
  region size 1024K, 12 young (12288K), 12 survivors (12288K)
 Metaspace       used 66039K, capacity 67915K, committed 68088K, reserved 1107968K
  class space    used 8476K, capacity 9110K, committed 9216K, reserved 1048576K
}

Deoptimization events (20 events):
Event: 8.457 Thread 0x0000017d01fdc000 DEOPT PACKING pc=0x0000017d6dd450c4 sp=0x00000007083fc410
Event: 8.457 Thread 0x0000017d01fdc000 DEOPT UNPACKING pc=0x0000017d661d662f sp=0x00000007083fc3a0 mode 2
Event: 8.467 Thread 0x0000017d01fdc000 Uncommon trap: trap_request=0xffffff4d fr.pc=0x0000017d6e0076e4 relative=0x00000000000001c4
Event: 8.467 Thread 0x0000017d01fdc000 Uncommon trap: reason=unstable_if action=reinterpret pc=0x0000017d6e0076e4 method=java.lang.String.indexOf(Ljava/lang/String;)I @ 8 c2
Event: 8.467 Thread 0x0000017d01fdc000 DEOPT PACKING pc=0x0000017d6e0076e4 sp=0x00000007083fc940
Event: 8.467 Thread 0x0000017d01fdc000 DEOPT UNPACKING pc=0x0000017d661d662f sp=0x00000007083fc8d8 mode 2
Event: 8.470 Thread 0x0000017d01fdc000 Uncommon trap: trap_request=0xffffff4d fr.pc=0x0000017d6dd43f88 relative=0x0000000000000268
Event: 8.470 Thread 0x0000017d01fdc000 Uncommon trap: reason=unstable_if action=reinterpret pc=0x0000017d6dd43f88 method=java.lang.AbstractStringBuilder.appendChars([CII)V @ 43 c2
Event: 8.470 Thread 0x0000017d01fdc000 DEOPT PACKING pc=0x0000017d6dd43f88 sp=0x00000007083fc7a0
Event: 8.470 Thread 0x0000017d01fdc000 DEOPT UNPACKING pc=0x0000017d661d662f sp=0x00000007083fc718 mode 2
Event: 8.476 Thread 0x0000017d01fdc000 Uncommon trap: trap_request=0xffffff4d fr.pc=0x0000017d6dc86914 relative=0x00000000000001f4
Event: 8.476 Thread 0x0000017d01fdc000 Uncommon trap: reason=unstable_if action=reinterpret pc=0x0000017d6dc86914 method=java.lang.String.isLatin1()Z @ 10 c2
Event: 8.476 Thread 0x0000017d01fdc000 DEOPT PACKING pc=0x0000017d6dc86914 sp=0x00000007083fc830
Event: 8.476 Thread 0x0000017d01fdc000 DEOPT UNPACKING pc=0x0000017d661d662f sp=0x00000007083fc758 mode 2
Event: 8.481 Thread 0x0000017d01fdc000 Uncommon trap: trap_request=0xffffff4d fr.pc=0x0000017d6dea9f4c relative=0x00000000000012ec
Event: 8.481 Thread 0x0000017d01fdc000 Uncommon trap: reason=unstable_if action=reinterpret pc=0x0000017d6dea9f4c method=java.util.concurrent.ConcurrentHashMap.transfer([Ljava/util/concurrent/ConcurrentHashMap$Node;[Ljava/util/concurrent/ConcurrentHashMap$Node;)V @ 352 c2
Event: 8.481 Thread 0x0000017d01fdc000 DEOPT PACKING pc=0x0000017d6dea9f4c sp=0x00000007083fc700
Event: 8.481 Thread 0x0000017d01fdc000 DEOPT UNPACKING pc=0x0000017d661d662f sp=0x00000007083fc6a8 mode 2
Event: 8.617 Thread 0x0000017d01fdc000 DEOPT PACKING pc=0x0000017d677a0d77 sp=0x00000007083fb410
Event: 8.617 Thread 0x0000017d01fdc000 DEOPT UNPACKING pc=0x0000017d661d6dde sp=0x00000007083fa910 mode 0

Classes redefined (0 events):
No events

Internal exceptions (20 events):
Event: 7.738 Thread 0x0000017d7d84e000 Exception <a 'java/lang/ClassNotFoundException'{0x00000000afe74db0}: com/android/build/gradle/LibraryExtension_DecoratedCustomizer> (0x00000000afe74db0) thrown at [./src/hotspot/share/classfile/systemDictionary.cpp, line 231]
Event: 7.743 Thread 0x0000017d7d84e000 Exception <a 'java/lang/ClassNotFoundException'{0x00000000afd47cf8}: org/gradle/api/JavaVersionBeanInfo> (0x00000000afd47cf8) thrown at [./src/hotspot/share/classfile/systemDictionary.cpp, line 231]
Event: 7.744 Thread 0x0000017d7d84e000 Exception <a 'java/lang/ClassNotFoundException'{0x00000000afd56cc8}: java/lang/EnumBeanInfo> (0x00000000afd56cc8) thrown at [./src/hotspot/share/classfile/systemDictionary.cpp, line 231]
Event: 7.744 Thread 0x0000017d7d84e000 Exception <a 'java/lang/ClassNotFoundException'{0x00000000afd65a40}: java/lang/EnumCustomizer> (0x00000000afd65a40) thrown at [./src/hotspot/share/classfile/systemDictionary.cpp, line 231]
Event: 7.745 Thread 0x0000017d7d84e000 Exception <a 'java/lang/ClassNotFoundException'{0x00000000afd92498}: org/gradle/api/JavaVersionCustomizer> (0x00000000afd92498) thrown at [./src/hotspot/share/classfile/systemDictionary.cpp, line 231]
Event: 7.751 Thread 0x0000017d7d84e000 Exception <a 'java/lang/ClassNotFoundException'{0x00000000afc21090}: org/jetbrains/kotlin/gradle/dsl/KotlinJvmOptionsImplBeanInfo> (0x00000000afc21090) thrown at [./src/hotspot/share/classfile/systemDictionary.cpp, line 231]
Event: 7.752 Thread 0x0000017d7d84e000 Exception <a 'java/lang/ClassNotFoundException'{0x00000000afc3b810}: org/jetbrains/kotlin/gradle/dsl/KotlinJvmOptionsBaseBeanInfo> (0x00000000afc3b810) thrown at [./src/hotspot/share/classfile/systemDictionary.cpp, line 231]
Event: 7.752 Thread 0x0000017d7d84e000 Exception <a 'java/lang/ClassNotFoundException'{0x00000000afc55d98}: org/jetbrains/kotlin/gradle/dsl/KotlinJvmOptionsBaseCustomizer> (0x00000000afc55d98) thrown at [./src/hotspot/share/classfile/systemDictionary.cpp, line 231]
Event: 7.753 Thread 0x0000017d7d84e000 Exception <a 'java/lang/ClassNotFoundException'{0x00000000afc83888}: org/jetbrains/kotlin/gradle/dsl/KotlinJvmOptionsImplCustomizer> (0x00000000afc83888) thrown at [./src/hotspot/share/classfile/systemDictionary.cpp, line 231]
Event: 7.853 Thread 0x0000017d7d84e000 Exception <a 'java/lang/ClassNotFoundException'{0x00000000af63f0a0}: com/android/build/gradle/internal/api/LibraryVariantOutputImpl_DecoratedBeanInfo> (0x00000000af63f0a0) thrown at [./src/hotspot/share/classfile/systemDictionary.cpp, line 231]
Event: 7.853 Thread 0x0000017d7d84e000 Exception <a 'java/lang/ClassNotFoundException'{0x00000000af651a88}: com/android/build/gradle/internal/api/LibraryVariantOutputImplBeanInfo> (0x00000000af651a88) thrown at [./src/hotspot/share/classfile/systemDictionary.cpp, line 231]
Event: 7.854 Thread 0x0000017d7d84e000 Exception <a 'java/lang/ClassNotFoundException'{0x00000000af664438}: com/android/build/gradle/internal/api/LibraryVariantOutputImplCustomizer> (0x00000000af664438) thrown at [./src/hotspot/share/classfile/systemDictionary.cpp, line 231]
Event: 7.855 Thread 0x0000017d7d84e000 Exception <a 'java/lang/ClassNotFoundException'{0x00000000af681000}: com/android/build/gradle/internal/api/LibraryVariantOutputImpl_DecoratedCustomizer> (0x00000000af681000) thrown at [./src/hotspot/share/classfile/systemDictionary.cpp, line 231]
Event: 8.052 Thread 0x0000017d03d1d000 Exception <a 'java/lang/NoSuchMethodError'{0x00000000ae84fd00}: 'void java.lang.invoke.DirectMethodHandle$Holder.invokeStatic(java.lang.Object, java.lang.Object, java.lang.Object, java.lang.Object, java.lang.Object, java.lang.Object, java.lang.Object)'> (0x00000000ae84fd00) thrown at [./src/hotspot/share/interpreter/linkResolver.cpp, line 773]
Event: 8.203 Thread 0x0000017d01fdc000 Implicit null exception at 0x0000017d6df21694 to 0x0000017d6df21ce4
Event: 8.203 Thread 0x0000017d03d1d000 Implicit null exception at 0x0000017d6df21694 to 0x0000017d6df21ce4
Event: 8.391 Thread 0x0000017d01fdc000 Exception <a 'sun/nio/fs/WindowsException'{0x00000000ad46b240}> (0x00000000ad46b240) thrown at [./src/hotspot/share/prims/jni.cpp, line 615]
Event: 8.403 Thread 0x0000017d01fdc000 Exception <a 'java/lang/NoSuchMethodError'{0x00000000ad48b300}: 'int java.lang.invoke.DirectMethodHandle$Holder.invokeStaticInit(java.lang.Object, java.lang.Object, java.lang.Object, java.lang.Object)'> (0x00000000ad48b300) thrown at [./src/hotspot/share/interpreter/linkResolver.cpp, line 773]
Event: 8.403 Thread 0x0000017d01fdc000 Exception <a 'java/lang/IncompatibleClassChangeError'{0x00000000ad494310}: Found class java.lang.Object, but interface was expected> (0x00000000ad494310) thrown at [./src/hotspot/share/interpreter/linkResolver.cpp, line 839]
Event: 8.404 Thread 0x0000017d01fdc000 Exception <a 'java/lang/NoSuchMethodError'{0x00000000ad497868}: 'void java.lang.invoke.DirectMethodHandle$Holder.invokeStaticInit(java.lang.Object, java.lang.Object)'> (0x00000000ad497868) thrown at [./src/hotspot/share/interpreter/linkResolver.cpp, line 773]

Events (20 events):
Event: 8.621 loading class org/apache/http/config/MessageConstraints$Builder
Event: 8.621 loading class org/apache/http/config/MessageConstraints$Builder done
Event: 8.622 loading class org/apache/http/util/ByteArrayBuffer
Event: 8.622 loading class org/apache/http/util/ByteArrayBuffer done
Event: 8.623 loading class org/apache/http/impl/io/SessionOutputBufferImpl
Event: 8.623 loading class org/apache/http/impl/io/SessionOutputBufferImpl done
Event: 8.624 loading class org/apache/http/impl/HttpConnectionMetricsImpl
Event: 8.624 loading class org/apache/http/impl/HttpConnectionMetricsImpl done
Event: 8.624 loading class org/apache/http/impl/io/DefaultHttpRequestWriter
Event: 8.624 loading class org/apache/http/impl/io/DefaultHttpRequestWriter done
Event: 8.625 loading class org/apache/http/impl/io/AbstractMessageWriter
Event: 8.625 loading class org/apache/http/impl/io/AbstractMessageWriter done
Event: 8.625 loading class org/apache/http/util/CharArrayBuffer
Event: 8.625 loading class org/apache/http/util/CharArrayBuffer done
Event: 8.627 loading class org/apache/http/impl/conn/DefaultHttpResponseParser
Event: 8.627 loading class org/apache/http/impl/conn/DefaultHttpResponseParser done
Event: 8.628 loading class org/apache/http/impl/io/AbstractMessageParser
Event: 8.628 loading class org/apache/http/impl/io/AbstractMessageParser done
Event: 8.629 loading class org/apache/http/impl/conn/Wire
Event: 8.629 loading class org/apache/http/impl/conn/Wire done


Dynamic libraries:
0x00007ff752310000 - 0x00007ff75231d000 	C:\Program Files\AdoptOpenJDK\jdk-11.0.11.9-hotspot\bin\java.exe
0x00007ffc71af0000 - 0x00007ffc71ce5000 	C:\Windows\SYSTEM32\ntdll.dll
0x00007ffc70a80000 - 0x00007ffc70b3e000 	C:\Windows\System32\KERNEL32.DLL
0x00007ffc6f640000 - 0x00007ffc6f909000 	C:\Windows\System32\KERNELBASE.dll
0x00007ffc6f350000 - 0x00007ffc6f450000 	C:\Windows\System32\ucrtbase.dll
0x00007ffc50090000 - 0x00007ffc500a7000 	C:\Program Files\AdoptOpenJDK\jdk-11.0.11.9-hotspot\bin\jli.dll
0x00007ffc52d70000 - 0x00007ffc52d85000 	C:\Program Files\AdoptOpenJDK\jdk-11.0.11.9-hotspot\bin\VCRUNTIME140.dll
0x00007ffc701b0000 - 0x00007ffc70351000 	C:\Windows\System32\USER32.dll
0x00007ffc55740000 - 0x00007ffc559da000 	C:\Windows\WinSxS\amd64_microsoft.windows.common-controls_6595b64144ccf1df_6.0.19041.1110_none_60b5254171f9507e\COMCTL32.dll
0x00007ffc6f450000 - 0x00007ffc6f472000 	C:\Windows\System32\win32u.dll
0x00007ffc70110000 - 0x00007ffc701ae000 	C:\Windows\System32\msvcrt.dll
0x00007ffc6fb40000 - 0x00007ffc6fb6b000 	C:\Windows\System32\GDI32.dll
0x00007ffc6f530000 - 0x00007ffc6f63b000 	C:\Windows\System32\gdi32full.dll
0x00007ffc6faa0000 - 0x00007ffc6fb3d000 	C:\Windows\System32\msvcp_win.dll
0x00007ffc718d0000 - 0x00007ffc71900000 	C:\Windows\System32\IMM32.DLL
0x00007ffc4ff00000 - 0x00007ffc4ff9b000 	C:\Program Files\AdoptOpenJDK\jdk-11.0.11.9-hotspot\bin\msvcp140.dll
0x00007ffbc4950000 - 0x00007ffbc549b000 	C:\Program Files\AdoptOpenJDK\jdk-11.0.11.9-hotspot\bin\server\jvm.dll
0x00007ffc71820000 - 0x00007ffc718cc000 	C:\Windows\System32\ADVAPI32.dll
0x00007ffc6fb70000 - 0x00007ffc6fc0b000 	C:\Windows\System32\sechost.dll
0x00007ffc6fe90000 - 0x00007ffc6ffba000 	C:\Windows\System32\RPCRT4.dll
0x00007ffc71aa0000 - 0x00007ffc71aa8000 	C:\Windows\System32\PSAPI.DLL
0x00007ffc63400000 - 0x00007ffc63427000 	C:\Windows\SYSTEM32\WINMM.dll
0x00007ffc61700000 - 0x00007ffc61709000 	C:\Windows\SYSTEM32\WSOCK32.dll
0x00007ffc70b40000 - 0x00007ffc70bab000 	C:\Windows\System32\WS2_32.dll
0x00007ffc65660000 - 0x00007ffc6566a000 	C:\Windows\SYSTEM32\VERSION.dll
0x00007ffc6d0f0000 - 0x00007ffc6d102000 	C:\Windows\SYSTEM32\kernel.appcore.dll
0x00007ffc67b80000 - 0x00007ffc67b90000 	C:\Program Files\AdoptOpenJDK\jdk-11.0.11.9-hotspot\bin\verify.dll
0x00007ffc659a0000 - 0x00007ffc65b84000 	C:\Windows\SYSTEM32\DBGHELP.DLL
0x00007ffc58ea0000 - 0x00007ffc58ecc000 	C:\Windows\SYSTEM32\dbgcore.DLL
0x00007ffc6f210000 - 0x00007ffc6f293000 	C:\Windows\System32\bcryptPrimitives.dll
0x00007ffc50060000 - 0x00007ffc50088000 	C:\Program Files\AdoptOpenJDK\jdk-11.0.11.9-hotspot\bin\java.dll
0x00007ffc52d00000 - 0x00007ffc52d0a000 	C:\Program Files\AdoptOpenJDK\jdk-11.0.11.9-hotspot\bin\jimage.dll
0x00007ffc50040000 - 0x00007ffc50057000 	C:\Program Files\AdoptOpenJDK\jdk-11.0.11.9-hotspot\bin\zip.dll
0x00007ffc70bb0000 - 0x00007ffc712ef000 	C:\Windows\System32\SHELL32.dll
0x00007ffc6d2f0000 - 0x00007ffc6da80000 	C:\Windows\SYSTEM32\windows.storage.dll
0x00007ffc71410000 - 0x00007ffc71765000 	C:\Windows\System32\combase.dll
0x00007ffc6eb80000 - 0x00007ffc6ebac000 	C:\Windows\SYSTEM32\Wldp.dll
0x00007ffc703f0000 - 0x00007ffc7049d000 	C:\Windows\System32\SHCORE.dll
0x00007ffc704a0000 - 0x00007ffc704f5000 	C:\Windows\System32\shlwapi.dll
0x00007ffc6f150000 - 0x00007ffc6f16f000 	C:\Windows\SYSTEM32\profapi.dll
0x00007ffc50020000 - 0x00007ffc50039000 	C:\Program Files\AdoptOpenJDK\jdk-11.0.11.9-hotspot\bin\net.dll
0x00007ffc68080000 - 0x00007ffc68188000 	C:\Windows\SYSTEM32\WINHTTP.dll
0x00007ffc6e960000 - 0x00007ffc6e9ca000 	C:\Windows\system32\mswsock.dll
0x00007ffc4fee0000 - 0x00007ffc4fef2000 	C:\Program Files\AdoptOpenJDK\jdk-11.0.11.9-hotspot\bin\nio.dll
0x00007ffc4feb0000 - 0x00007ffc4fed6000 	C:\Users\codekita\.gradle\native\30\windows-amd64\native-platform.dll
0x00007ffc4fea0000 - 0x00007ffc4fea9000 	C:\Program Files\AdoptOpenJDK\jdk-11.0.11.9-hotspot\bin\management.dll
0x00007ffc4fe90000 - 0x00007ffc4fe9b000 	C:\Program Files\AdoptOpenJDK\jdk-11.0.11.9-hotspot\bin\management_ext.dll
0x00007ffc6ebc0000 - 0x00007ffc6ebd8000 	C:\Windows\SYSTEM32\CRYPTSP.dll
0x00007ffc6e290000 - 0x00007ffc6e2c4000 	C:\Windows\system32\rsaenh.dll
0x00007ffc6fa70000 - 0x00007ffc6fa97000 	C:\Windows\System32\bcrypt.dll
0x00007ffc6f110000 - 0x00007ffc6f13e000 	C:\Windows\SYSTEM32\USERENV.dll
0x00007ffc6eaf0000 - 0x00007ffc6eafc000 	C:\Windows\SYSTEM32\CRYPTBASE.dll
0x00007ffc6e620000 - 0x00007ffc6e65b000 	C:\Windows\SYSTEM32\IPHLPAPI.DLL
0x00007ffc70500000 - 0x00007ffc70508000 	C:\Windows\System32\NSI.dll
0x00007ffc687f0000 - 0x00007ffc68807000 	C:\Windows\SYSTEM32\dhcpcsvc6.DLL
0x00007ffc69080000 - 0x00007ffc6909d000 	C:\Windows\SYSTEM32\dhcpcsvc.DLL
0x00007ffc6e670000 - 0x00007ffc6e73c000 	C:\Windows\SYSTEM32\DNSAPI.dll
0x00007ffc6a520000 - 0x00007ffc6a52e000 	C:\Program Files\AdoptOpenJDK\jdk-11.0.11.9-hotspot\bin\sunmscapi.dll
0x00007ffc6f910000 - 0x00007ffc6fa66000 	C:\Windows\System32\CRYPT32.dll
0x00007ffc6ecd0000 - 0x00007ffc6ecf7000 	C:\Windows\SYSTEM32\ncrypt.dll
0x00007ffc6ec70000 - 0x00007ffc6ecab000 	C:\Windows\SYSTEM32\NTASN1.dll
0x00007ffc6bc70000 - 0x00007ffc6bc95000 	C:\Program Files\AdoptOpenJDK\jdk-11.0.11.9-hotspot\bin\sunec.dll
0x00007ffc524b0000 - 0x00007ffc524ba000 	C:\Windows\System32\rasadhlp.dll
0x00007ffc67d10000 - 0x00007ffc67d8f000 	C:\Windows\System32\fwpuclnt.dll

dbghelp: loaded successfully - version: 4.0.5 - missing functions: none
symbol engine: initialized successfully - sym options: 0x614 - pdb path: .;C:\Program Files\AdoptOpenJDK\jdk-11.0.11.9-hotspot\bin;C:\Windows\SYSTEM32;C:\Windows\WinSxS\amd64_microsoft.windows.common-controls_6595b64144ccf1df_6.0.19041.1110_none_60b5254171f9507e;C:\Program Files\AdoptOpenJDK\jdk-11.0.11.9-hotspot\bin\server;C:\Users\codekita\.gradle\native\30\windows-amd64

VM Arguments:
jvm_args: --add-opens=java.base/java.util=ALL-UNNAMED --add-opens=java.base/java.lang=ALL-UNNAMED --add-opens=java.base/java.lang.invoke=ALL-UNNAMED --add-opens=java.prefs/java.util.prefs=ALL-UNNAMED -Xmx1536M -Dfile.encoding=windows-1252 -Duser.country=US -Duser.language=en -Duser.variant 
java_command: org.gradle.launcher.daemon.bootstrap.GradleDaemon 5.6.2
java_class_path (initial): C:\Users\codekita\.gradle\wrapper\dists\gradle-5.6.2-all\9st6wgf78h16so49nn74lgtbb\gradle-5.6.2\lib\gradle-launcher-5.6.2.jar
Launcher Type: SUN_STANDARD

[Global flags]
     intx CICompilerCount                          = 4                                         {product} {ergonomic}
     uint ConcGCThreads                            = 3                                         {product} {ergonomic}
     uint G1ConcRefinementThreads                  = 10                                        {product} {ergonomic}
   size_t G1HeapRegionSize                         = 1048576                                   {product} {ergonomic}
    uintx GCDrainStackTargetSize                   = 64                                        {product} {ergonomic}
   size_t InitialHeapSize                          = 268435456                                 {product} {ergonomic}
   size_t MarkStackSize                            = 4194304                                   {product} {ergonomic}
   size_t MaxHeapSize                              = 1610612736                                {product} {command line}
   size_t MaxNewSize                               = 965738496                                 {product} {ergonomic}
   size_t MinHeapDeltaBytes                        = 1048576                                   {product} {ergonomic}
    uintx NonNMethodCodeHeapSize                   = 5836300                                {pd product} {ergonomic}
    uintx NonProfiledCodeHeapSize                  = 122910970                              {pd product} {ergonomic}
    uintx ProfiledCodeHeapSize                     = 122910970                              {pd product} {ergonomic}
    uintx ReservedCodeCacheSize                    = 251658240                              {pd product} {ergonomic}
     bool SegmentedCodeCache                       = true                                      {product} {ergonomic}
     bool UseCompressedClassPointers               = true                                 {lp64_product} {ergonomic}
     bool UseCompressedOops                        = true                                 {lp64_product} {ergonomic}
     bool UseG1GC                                  = true                                      {product} {ergonomic}
     bool UseLargePagesIndividualAllocation        = false                                  {pd product} {ergonomic}

Logging:
Log output configuration:
 #0: stdout all=warning uptime,level,tags
 #1: stderr all=off uptime,level,tags

Environment Variables:
JAVA_HOME=C:\Program Files\AdoptOpenJDK\jdk-11.0.11.9-hotspot\
CLASSPATH=D:\Projects\flutter\uas_muhammad_fadillah\android\\gradle\wrapper\gradle-wrapper.jar
PATH=C:\Users\codekita\bin;C:\Program Files\Git\mingw64\bin;C:\Program Files\Git\usr\local\bin;C:\Program Files\Git\usr\bin;C:\Program Files\Git\usr\bin;C:\Program Files\Git\mingw64\bin;C:\Program Files\Git\usr\bin;C:\Users\codekita\bin;C:\Program Files\AdoptOpenJDK\jdk-11.0.11.9-hotspot\bin;C:\Program Files (x86)\Common Files\Oracle\Java\javapath;C:\Windows\system32;C:\Windows;C:\Windows\System32\Wbem;C:\Windows\System32\WindowsPowerShell\v1.0;C:\Windows\System32\OpenSSH;C:\Program Files\nodejs;C:\Program Files\Git\cmd;C:\laragon\bin\php\php-7.4.9-nts-Win32-vc15-x64;C:\ProgramData\ComposerSetup\bin;C:\Users\codekita\AppData\Local\Android\Sdk\platform-tools;C:\Users\codekita\AppData\Local\Microsoft\WindowsApps;C:\Users\codekita\AppData\Roaming\npm;C:\Users\codekita\AppData\Local\Programs\Microsoft VS Code\bin;C:\Users\codekita\AppData\Roaming\Composer\vendor\bin;C:\flutter\bin;C:\cmder\bin;C:\Program Files\heroku\bin;C:\Users\codekita\AppData\Local\GitHubDesktop\bin;C:\Users\codekita\AppData\Local\Android\Sdk\platform-tools;C:\Program Files\Git\usr\bin\vendor_perl;C:\Program Files\Git\usr\bin\core_perl
USERNAME=codekita
SHELL=C:\Program Files\Git\usr\bin\bash.exe
DISPLAY=needs-to-be-defined
LC_CTYPE=en_US.UTF-8
OS=Windows_NT
PROCESSOR_IDENTIFIER=AMD64 Family 23 Model 1 Stepping 1, AuthenticAMD



---------------  S Y S T E M  ---------------

OS: Windows 10 , 64 bit Build 19041 (10.0.19041.1202)
OS uptime: 0 days 6:07 hours
Hyper-V role detected

CPU:total 12 (initial active 12) (12 cores per cpu, 2 threads per core) family 23 model 1 stepping 1 microcode 0x0, cmov, cx8, fxsr, mmx, sse, sse2, sse3, ssse3, sse4.1, sse4.2, popcnt, avx, avx2, aes, clmul, mmxext, 3dnowpref, lzcnt, sse4a, ht, tsc, tscinvbit, tscinv, bmi1, bmi2, adx, s

Memory: 4k page, system-wide physical 16315M (2379M free)
TotalPageFile size 31501M (AvailPageFile size 12M)
current process WorkingSet (physical memory assigned to process): 433M, peak: 437M
current process commit charge ("private bytes"): 547M, peak: 551M

vm_info: OpenJDK 64-Bit Server VM (11.0.11+9) for windows-amd64 JRE (11.0.11+9), built on Apr 20 2021 21:22:09 by "" with MS VC++ 15.9 (VS2017)

END.
